-- Found ament_cmake: 1.3.12 (/opt/ros/humble/share/ament_cmake/cmake)
-- Override CMake install command with custom implementation using symlinks instead of copying resources
-- Found ament_lint_auto: 0.12.14 (/opt/ros/humble/share/ament_lint_auto/cmake)
-- Configuring done
-- Generating done
-- Build files have been written to: /home/ems/Documents/PSD/build/gazebo_simulation
-- Install configuration: ""
-- Execute custom install script
-- Symlinking: /home/ems/Documents/PSD/install/gazebo_simulation/share/gazebo_simulation//launch/__pycache__/full_system.launch.cpython-310.pyc
-- Up-to-date symlink: /home/ems/Documents/PSD/install/gazebo_simulation/share/gazebo_simulation//launch/__pycache__/full_system_clean.launch.cpython-310.pyc
-- Up-to-date symlink: /home/ems/Documents/PSD/install/gazebo_simulation/share/gazebo_simulation//launch/full_system.launch.py
-- Up-to-date symlink: /home/ems/Documents/PSD/install/gazebo_simulation/share/gazebo_simulation//launch/full_system_clean.launch.py
-- Symlinking: /home/ems/Documents/PSD/install/gazebo_simulation/share/gazebo_simulation//launch/ros_only.launch.py
-- Up-to-date symlink: /home/ems/Documents/PSD/install/gazebo_simulation/share/gazebo_simulation//launch/sim_robot.launch.py
-- Up-to-date symlink: /home/ems/Documents/PSD/install/gazebo_simulation/share/gazebo_simulation//models/ball_hitting_robot/model.config
-- Up-to-date symlink: /home/ems/Documents/PSD/install/gazebo_simulation/share/gazebo_simulation//models/ball_hitting_robot/model.sdf
-- Up-to-date symlink: /home/ems/Documents/PSD/install/gazebo_simulation/share/gazebo_simulation//models/robot_gz/model.sdf
-- Up-to-date symlink: /home/ems/Documents/PSD/install/gazebo_simulation/share/gazebo_simulation//worlds/ball_world.sdf
-- Up-to-date symlink: /home/ems/Documents/PSD/install/gazebo_simulation/share/gazebo_simulation//urdf/robot.urdf
-- Up-to-date symlink: /home/ems/Documents/PSD/install/gazebo_simulation/share/ament_index/resource_index/package_run_dependencies/gazebo_simulation
-- Up-to-date symlink: /home/ems/Documents/PSD/install/gazebo_simulation/share/ament_index/resource_index/parent_prefix_path/gazebo_simulation
-- Up-to-date symlink: /home/ems/Documents/PSD/install/gazebo_simulation/share/gazebo_simulation/environment/ament_prefix_path.sh
-- Up-to-date symlink: /home/ems/Documents/PSD/install/gazebo_simulation/share/gazebo_simulation/environment/ament_prefix_path.dsv
-- Up-to-date symlink: /home/ems/Documents/PSD/install/gazebo_simulation/share/gazebo_simulation/environment/path.sh
-- Up-to-date symlink: /home/ems/Documents/PSD/install/gazebo_simulation/share/gazebo_simulation/environment/path.dsv
-- Up-to-date symlink: /home/ems/Documents/PSD/install/gazebo_simulation/share/gazebo_simulation/local_setup.bash
-- Up-to-date symlink: /home/ems/Documents/PSD/install/gazebo_simulation/share/gazebo_simulation/local_setup.sh
-- Up-to-date symlink: /home/ems/Documents/PSD/install/gazebo_simulation/share/gazebo_simulation/local_setup.zsh
-- Up-to-date symlink: /home/ems/Documents/PSD/install/gazebo_simulation/share/gazebo_simulation/local_setup.dsv
-- Symlinking: /home/ems/Documents/PSD/install/gazebo_simulation/share/gazebo_simulation/package.dsv
-- Up-to-date symlink: /home/ems/Documents/PSD/install/gazebo_simulation/share/ament_index/resource_index/packages/gazebo_simulation
-- Up-to-date symlink: /home/ems/Documents/PSD/install/gazebo_simulation/share/gazebo_simulation/cmake/gazebo_simulationConfig.cmake
-- Up-to-date symlink: /home/ems/Documents/PSD/install/gazebo_simulation/share/gazebo_simulation/cmake/gazebo_simulationConfig-version.cmake
-- Up-to-date symlink: /home/ems/Documents/PSD/install/gazebo_simulation/share/gazebo_simulation/package.xml
