[0.078s] Invoking command in '/home/ems/Documents/PSD/build/gazebo_simulation': CMAKE_PREFIX_PATH=${CMAKE_PREFIX_PATH}:/home/ems/ProiectPSD/install:/home/ems/ros2_ws/install/turtlebot3_teleop:/home/ems/ros2_ws/install/turtlebot3_example:/home/ems/ros2_ws/install/circle_drive:/opt/ros/humble /usr/bin/cmake /home/ems/Documents/PSD/ball_hitting_robot/src/gazebo_simulation -DAMENT_CMAKE_SYMLINK_INSTALL=1 -DCMAKE_INSTALL_PREFIX=/home/ems/Documents/PSD/install/gazebo_simulation
[0.140s] -- Found ament_cmake: 1.3.12 (/opt/ros/humble/share/ament_cmake/cmake)
[0.549s] -- Override CMake install command with custom implementation using symlinks instead of copying resources
[0.603s] -- Found ament_lint_auto: 0.12.14 (/opt/ros/humble/share/ament_lint_auto/cmake)
[0.803s] -- Configuring done
[0.828s] -- Generating done
[0.834s] -- Build files have been written to: /home/ems/Documents/PSD/build/gazebo_simulation
[0.844s] Invoked command in '/home/ems/Documents/PSD/build/gazebo_simulation' returned '0': CMAKE_PREFIX_PATH=${CMAKE_PREFIX_PATH}:/home/ems/ProiectPSD/install:/home/ems/ros2_ws/install/turtlebot3_teleop:/home/ems/ros2_ws/install/turtlebot3_example:/home/ems/ros2_ws/install/circle_drive:/opt/ros/humble /usr/bin/cmake /home/ems/Documents/PSD/ball_hitting_robot/src/gazebo_simulation -DAMENT_CMAKE_SYMLINK_INSTALL=1 -DCMAKE_INSTALL_PREFIX=/home/ems/Documents/PSD/install/gazebo_simulation
[0.853s] Invoking command in '/home/ems/Documents/PSD/build/gazebo_simulation': CMAKE_PREFIX_PATH=${CMAKE_PREFIX_PATH}:/home/ems/ProiectPSD/install:/home/ems/ros2_ws/install/turtlebot3_teleop:/home/ems/ros2_ws/install/turtlebot3_example:/home/ems/ros2_ws/install/circle_drive:/opt/ros/humble /usr/bin/cmake --build /home/ems/Documents/PSD/build/gazebo_simulation -- -j8 -l8
[0.960s] Invoked command in '/home/ems/Documents/PSD/build/gazebo_simulation' returned '0': CMAKE_PREFIX_PATH=${CMAKE_PREFIX_PATH}:/home/ems/ProiectPSD/install:/home/ems/ros2_ws/install/turtlebot3_teleop:/home/ems/ros2_ws/install/turtlebot3_example:/home/ems/ros2_ws/install/circle_drive:/opt/ros/humble /usr/bin/cmake --build /home/ems/Documents/PSD/build/gazebo_simulation -- -j8 -l8
[0.989s] Invoking command in '/home/ems/Documents/PSD/build/gazebo_simulation': CMAKE_PREFIX_PATH=${CMAKE_PREFIX_PATH}:/home/ems/ProiectPSD/install:/home/ems/ros2_ws/install/turtlebot3_teleop:/home/ems/ros2_ws/install/turtlebot3_example:/home/ems/ros2_ws/install/circle_drive:/opt/ros/humble /usr/bin/cmake --install /home/ems/Documents/PSD/build/gazebo_simulation
[1.019s] -- Install configuration: ""
[1.019s] -- Execute custom install script
[1.019s] -- Symlinking: /home/ems/Documents/PSD/install/gazebo_simulation/share/gazebo_simulation//launch/__pycache__/full_system.launch.cpython-310.pyc
[1.045s] -- Up-to-date symlink: /home/ems/Documents/PSD/install/gazebo_simulation/share/gazebo_simulation//launch/__pycache__/full_system_clean.launch.cpython-310.pyc
[1.046s] -- Up-to-date symlink: /home/ems/Documents/PSD/install/gazebo_simulation/share/gazebo_simulation//launch/full_system.launch.py
[1.046s] -- Up-to-date symlink: /home/ems/Documents/PSD/install/gazebo_simulation/share/gazebo_simulation//launch/full_system_clean.launch.py
[1.048s] -- Symlinking: /home/ems/Documents/PSD/install/gazebo_simulation/share/gazebo_simulation//launch/ros_only.launch.py
[1.074s] -- Up-to-date symlink: /home/ems/Documents/PSD/install/gazebo_simulation/share/gazebo_simulation//launch/sim_robot.launch.py
[1.077s] -- Up-to-date symlink: /home/ems/Documents/PSD/install/gazebo_simulation/share/gazebo_simulation//models/ball_hitting_robot/model.config
[1.077s] -- Up-to-date symlink: /home/ems/Documents/PSD/install/gazebo_simulation/share/gazebo_simulation//models/ball_hitting_robot/model.sdf
[1.077s] -- Up-to-date symlink: /home/ems/Documents/PSD/install/gazebo_simulation/share/gazebo_simulation//models/robot_gz/model.sdf
[1.079s] -- Up-to-date symlink: /home/ems/Documents/PSD/install/gazebo_simulation/share/gazebo_simulation//worlds/ball_world.sdf
[1.084s] -- Up-to-date symlink: /home/ems/Documents/PSD/install/gazebo_simulation/share/gazebo_simulation//urdf/robot.urdf
[1.085s] -- Up-to-date symlink: /home/ems/Documents/PSD/install/gazebo_simulation/share/ament_index/resource_index/package_run_dependencies/gazebo_simulation
[1.089s] -- Up-to-date symlink: /home/ems/Documents/PSD/install/gazebo_simulation/share/ament_index/resource_index/parent_prefix_path/gazebo_simulation
[1.090s] -- Up-to-date symlink: /home/ems/Documents/PSD/install/gazebo_simulation/share/gazebo_simulation/environment/ament_prefix_path.sh
[1.090s] -- Up-to-date symlink: /home/ems/Documents/PSD/install/gazebo_simulation/share/gazebo_simulation/environment/ament_prefix_path.dsv
[1.094s] -- Up-to-date symlink: /home/ems/Documents/PSD/install/gazebo_simulation/share/gazebo_simulation/environment/path.sh
[1.097s] -- Up-to-date symlink: /home/ems/Documents/PSD/install/gazebo_simulation/share/gazebo_simulation/environment/path.dsv
[1.098s] -- Up-to-date symlink: /home/ems/Documents/PSD/install/gazebo_simulation/share/gazebo_simulation/local_setup.bash
[1.098s] -- Up-to-date symlink: /home/ems/Documents/PSD/install/gazebo_simulation/share/gazebo_simulation/local_setup.sh
[1.098s] -- Up-to-date symlink: /home/ems/Documents/PSD/install/gazebo_simulation/share/gazebo_simulation/local_setup.zsh
[1.098s] -- Up-to-date symlink: /home/ems/Documents/PSD/install/gazebo_simulation/share/gazebo_simulation/local_setup.dsv
[1.099s] -- Symlinking: /home/ems/Documents/PSD/install/gazebo_simulation/share/gazebo_simulation/package.dsv
[1.123s] -- Up-to-date symlink: /home/ems/Documents/PSD/install/gazebo_simulation/share/ament_index/resource_index/packages/gazebo_simulation
[1.124s] -- Up-to-date symlink: /home/ems/Documents/PSD/install/gazebo_simulation/share/gazebo_simulation/cmake/gazebo_simulationConfig.cmake
[1.129s] -- Up-to-date symlink: /home/ems/Documents/PSD/install/gazebo_simulation/share/gazebo_simulation/cmake/gazebo_simulationConfig-version.cmake
[1.129s] -- Up-to-date symlink: /home/ems/Documents/PSD/install/gazebo_simulation/share/gazebo_simulation/package.xml
[1.133s] Invoked command in '/home/ems/Documents/PSD/build/gazebo_simulation' returned '0': CMAKE_PREFIX_PATH=${CMAKE_PREFIX_PATH}:/home/ems/ProiectPSD/install:/home/ems/ros2_ws/install/turtlebot3_teleop:/home/ems/ros2_ws/install/turtlebot3_example:/home/ems/ros2_ws/install/circle_drive:/opt/ros/humble /usr/bin/cmake --install /home/ems/Documents/PSD/build/gazebo_simulation
