[0.302s] DEBUG:colcon:Command line arguments: ['/usr/bin/colcon', 'build', '--packages-select', 'gazebo_simulation', '--symlink-install']
[0.302s] DEBUG:colcon:Parsed command line arguments: Namespace(log_base=None, log_level=None, verb_name='build', build_base='build', install_base='install', merge_install=False, symlink_install=True, test_result_base=None, continue_on_error=False, executor='parallel', parallel_workers=8, event_handlers=None, ignore_user_meta=False, metas=['./colcon.meta'], base_paths=['.'], packages_ignore=None, packages_ignore_regex=None, paths=None, packages_up_to=None, packages_up_to_regex=None, packages_above=None, packages_above_and_dependencies=None, packages_above_depth=None, packages_select_by_dep=None, packages_skip_by_dep=None, packages_skip_up_to=None, packages_select_build_failed=False, packages_skip_build_finished=False, packages_select_test_failures=False, packages_skip_test_passed=False, packages_select=['gazebo_simulation'], packages_skip=None, packages_select_regex=None, packages_skip_regex=None, packages_start=None, packages_end=None, allow_overriding=[], cmake_args=None, cmake_target=None, cmake_target_skip_unavailable=False, cmake_clean_cache=False, cmake_clean_first=False, cmake_force_configure=False, ament_cmake_args=None, catkin_cmake_args=None, catkin_skip_building_tests=False, mixin_files=None, mixin=None, verb_parser=<colcon_mixin.mixin.mixin_argument.MixinArgumentDecorator object at 0x7f2d96980070>, verb_extension=<colcon_core.verb.build.BuildVerb object at 0x7f2d96afd960>, main=<bound method BuildVerb.main of <colcon_core.verb.build.BuildVerb object at 0x7f2d96afd960>>, mixin_verb=('build',))
[0.794s] Level 1:colcon.colcon_core.package_discovery:discover_packages(colcon_meta) check parameters
[0.794s] Level 1:colcon.colcon_core.package_discovery:discover_packages(recursive) check parameters
[0.794s] Level 1:colcon.colcon_core.package_discovery:discover_packages(ignore) check parameters
[0.794s] Level 1:colcon.colcon_core.package_discovery:discover_packages(path) check parameters
[0.794s] Level 1:colcon.colcon_core.package_discovery:discover_packages(colcon_meta) discover
[0.795s] Level 1:colcon.colcon_core.package_discovery:discover_packages(recursive) discover
[0.795s] INFO:colcon.colcon_core.package_discovery:Crawling recursively for packages in '/home/ems/Documents/PSD'
[0.795s] Level 1:colcon.colcon_core.package_identification:_identify(.) by extensions ['ignore', 'ignore_ament_install']
[0.795s] Level 1:colcon.colcon_core.package_identification:_identify(.) by extension 'ignore'
[0.795s] Level 1:colcon.colcon_core.package_identification:_identify(.) by extension 'ignore_ament_install'
[0.795s] Level 1:colcon.colcon_core.package_identification:_identify(.) by extensions ['colcon_pkg']
[0.795s] Level 1:colcon.colcon_core.package_identification:_identify(.) by extension 'colcon_pkg'
[0.796s] Level 1:colcon.colcon_core.package_identification:_identify(.) by extensions ['colcon_meta']
[0.796s] Level 1:colcon.colcon_core.package_identification:_identify(.) by extension 'colcon_meta'
[0.796s] Level 1:colcon.colcon_core.package_identification:_identify(.) by extensions ['ros']
[0.796s] Level 1:colcon.colcon_core.package_identification:_identify(.) by extension 'ros'
[0.825s] Level 1:colcon.colcon_core.package_identification:_identify(.) by extensions ['cmake', 'python']
[0.826s] Level 1:colcon.colcon_core.package_identification:_identify(.) by extension 'cmake'
[0.826s] Level 1:colcon.colcon_core.package_identification:_identify(.) by extension 'python'
[0.827s] Level 1:colcon.colcon_core.package_identification:_identify(.) by extensions ['python_setup_py']
[0.827s] Level 1:colcon.colcon_core.package_identification:_identify(.) by extension 'python_setup_py'
[0.827s] Level 1:colcon.colcon_core.package_identification:_identify(ball_hitting_robot) by extensions ['ignore', 'ignore_ament_install']
[0.828s] Level 1:colcon.colcon_core.package_identification:_identify(ball_hitting_robot) by extension 'ignore'
[0.828s] Level 1:colcon.colcon_core.package_identification:_identify(ball_hitting_robot) by extension 'ignore_ament_install'
[0.828s] Level 1:colcon.colcon_core.package_identification:_identify(ball_hitting_robot) by extensions ['colcon_pkg']
[0.828s] Level 1:colcon.colcon_core.package_identification:_identify(ball_hitting_robot) by extension 'colcon_pkg'
[0.828s] Level 1:colcon.colcon_core.package_identification:_identify(ball_hitting_robot) by extensions ['colcon_meta']
[0.828s] Level 1:colcon.colcon_core.package_identification:_identify(ball_hitting_robot) by extension 'colcon_meta'
[0.828s] Level 1:colcon.colcon_core.package_identification:_identify(ball_hitting_robot) by extensions ['ros']
[0.828s] Level 1:colcon.colcon_core.package_identification:_identify(ball_hitting_robot) by extension 'ros'
[0.829s] Level 1:colcon.colcon_core.package_identification:_identify(ball_hitting_robot) by extensions ['cmake', 'python']
[0.829s] Level 1:colcon.colcon_core.package_identification:_identify(ball_hitting_robot) by extension 'cmake'
[0.829s] Level 1:colcon.colcon_core.package_identification:_identify(ball_hitting_robot) by extension 'python'
[0.829s] Level 1:colcon.colcon_core.package_identification:_identify(ball_hitting_robot) by extensions ['python_setup_py']
[0.829s] Level 1:colcon.colcon_core.package_identification:_identify(ball_hitting_robot) by extension 'python_setup_py'
[0.829s] Level 1:colcon.colcon_core.package_identification:_identify(ball_hitting_robot/build) by extensions ['ignore', 'ignore_ament_install']
[0.830s] Level 1:colcon.colcon_core.package_identification:_identify(ball_hitting_robot/build) by extension 'ignore'
[0.830s] Level 1:colcon.colcon_core.package_identification:_identify(ball_hitting_robot/build) ignored
[0.830s] Level 1:colcon.colcon_core.package_identification:_identify(ball_hitting_robot/install) by extensions ['ignore', 'ignore_ament_install']
[0.830s] Level 1:colcon.colcon_core.package_identification:_identify(ball_hitting_robot/install) by extension 'ignore'
[0.830s] Level 1:colcon.colcon_core.package_identification:_identify(ball_hitting_robot/install) ignored
[0.831s] Level 1:colcon.colcon_core.package_identification:_identify(ball_hitting_robot/log) by extensions ['ignore', 'ignore_ament_install']
[0.831s] Level 1:colcon.colcon_core.package_identification:_identify(ball_hitting_robot/log) by extension 'ignore'
[0.831s] Level 1:colcon.colcon_core.package_identification:_identify(ball_hitting_robot/log) ignored
[0.831s] Level 1:colcon.colcon_core.package_identification:_identify(ball_hitting_robot/src) by extensions ['ignore', 'ignore_ament_install']
[0.831s] Level 1:colcon.colcon_core.package_identification:_identify(ball_hitting_robot/src) by extension 'ignore'
[0.831s] Level 1:colcon.colcon_core.package_identification:_identify(ball_hitting_robot/src) by extension 'ignore_ament_install'
[0.832s] Level 1:colcon.colcon_core.package_identification:_identify(ball_hitting_robot/src) by extensions ['colcon_pkg']
[0.832s] Level 1:colcon.colcon_core.package_identification:_identify(ball_hitting_robot/src) by extension 'colcon_pkg'
[0.832s] Level 1:colcon.colcon_core.package_identification:_identify(ball_hitting_robot/src) by extensions ['colcon_meta']
[0.832s] Level 1:colcon.colcon_core.package_identification:_identify(ball_hitting_robot/src) by extension 'colcon_meta'
[0.832s] Level 1:colcon.colcon_core.package_identification:_identify(ball_hitting_robot/src) by extensions ['ros']
[0.832s] Level 1:colcon.colcon_core.package_identification:_identify(ball_hitting_robot/src) by extension 'ros'
[0.832s] Level 1:colcon.colcon_core.package_identification:_identify(ball_hitting_robot/src) by extensions ['cmake', 'python']
[0.832s] Level 1:colcon.colcon_core.package_identification:_identify(ball_hitting_robot/src) by extension 'cmake'
[0.832s] Level 1:colcon.colcon_core.package_identification:_identify(ball_hitting_robot/src) by extension 'python'
[0.833s] Level 1:colcon.colcon_core.package_identification:_identify(ball_hitting_robot/src) by extensions ['python_setup_py']
[0.833s] Level 1:colcon.colcon_core.package_identification:_identify(ball_hitting_robot/src) by extension 'python_setup_py'
[0.833s] Level 1:colcon.colcon_core.package_identification:_identify(ball_hitting_robot/src/control) by extensions ['ignore', 'ignore_ament_install']
[0.833s] Level 1:colcon.colcon_core.package_identification:_identify(ball_hitting_robot/src/control) by extension 'ignore'
[0.833s] Level 1:colcon.colcon_core.package_identification:_identify(ball_hitting_robot/src/control) by extension 'ignore_ament_install'
[0.833s] Level 1:colcon.colcon_core.package_identification:_identify(ball_hitting_robot/src/control) by extensions ['colcon_pkg']
[0.833s] Level 1:colcon.colcon_core.package_identification:_identify(ball_hitting_robot/src/control) by extension 'colcon_pkg'
[0.834s] Level 1:colcon.colcon_core.package_identification:_identify(ball_hitting_robot/src/control) by extensions ['colcon_meta']
[0.834s] Level 1:colcon.colcon_core.package_identification:_identify(ball_hitting_robot/src/control) by extension 'colcon_meta'
[0.834s] Level 1:colcon.colcon_core.package_identification:_identify(ball_hitting_robot/src/control) by extensions ['ros']
[0.834s] Level 1:colcon.colcon_core.package_identification:_identify(ball_hitting_robot/src/control) by extension 'ros'
[0.840s] DEBUG:colcon.colcon_core.package_identification:Package 'ball_hitting_robot/src/control' with type 'ros.ament_python' and name 'control'
[0.840s] Level 1:colcon.colcon_core.package_identification:_identify(ball_hitting_robot/src/game_manager) by extensions ['ignore', 'ignore_ament_install']
[0.841s] Level 1:colcon.colcon_core.package_identification:_identify(ball_hitting_robot/src/game_manager) by extension 'ignore'
[0.841s] Level 1:colcon.colcon_core.package_identification:_identify(ball_hitting_robot/src/game_manager) by extension 'ignore_ament_install'
[0.841s] Level 1:colcon.colcon_core.package_identification:_identify(ball_hitting_robot/src/game_manager) by extensions ['colcon_pkg']
[0.841s] Level 1:colcon.colcon_core.package_identification:_identify(ball_hitting_robot/src/game_manager) by extension 'colcon_pkg'
[0.841s] Level 1:colcon.colcon_core.package_identification:_identify(ball_hitting_robot/src/game_manager) by extensions ['colcon_meta']
[0.841s] Level 1:colcon.colcon_core.package_identification:_identify(ball_hitting_robot/src/game_manager) by extension 'colcon_meta'
[0.841s] Level 1:colcon.colcon_core.package_identification:_identify(ball_hitting_robot/src/game_manager) by extensions ['ros']
[0.841s] Level 1:colcon.colcon_core.package_identification:_identify(ball_hitting_robot/src/game_manager) by extension 'ros'
[0.844s] DEBUG:colcon.colcon_core.package_identification:Package 'ball_hitting_robot/src/game_manager' with type 'ros.ament_python' and name 'game_manager'
[0.844s] Level 1:colcon.colcon_core.package_identification:_identify(ball_hitting_robot/src/gazebo_simulation) by extensions ['ignore', 'ignore_ament_install']
[0.845s] Level 1:colcon.colcon_core.package_identification:_identify(ball_hitting_robot/src/gazebo_simulation) by extension 'ignore'
[0.845s] Level 1:colcon.colcon_core.package_identification:_identify(ball_hitting_robot/src/gazebo_simulation) by extension 'ignore_ament_install'
[0.845s] Level 1:colcon.colcon_core.package_identification:_identify(ball_hitting_robot/src/gazebo_simulation) by extensions ['colcon_pkg']
[0.845s] Level 1:colcon.colcon_core.package_identification:_identify(ball_hitting_robot/src/gazebo_simulation) by extension 'colcon_pkg'
[0.845s] Level 1:colcon.colcon_core.package_identification:_identify(ball_hitting_robot/src/gazebo_simulation) by extensions ['colcon_meta']
[0.845s] Level 1:colcon.colcon_core.package_identification:_identify(ball_hitting_robot/src/gazebo_simulation) by extension 'colcon_meta'
[0.845s] Level 1:colcon.colcon_core.package_identification:_identify(ball_hitting_robot/src/gazebo_simulation) by extensions ['ros']
[0.846s] Level 1:colcon.colcon_core.package_identification:_identify(ball_hitting_robot/src/gazebo_simulation) by extension 'ros'
[0.847s] DEBUG:colcon.colcon_core.package_identification:Package 'ball_hitting_robot/src/gazebo_simulation' with type 'ros.ament_cmake' and name 'gazebo_simulation'
[0.848s] Level 1:colcon.colcon_core.package_identification:_identify(ball_hitting_robot/src/perception) by extensions ['ignore', 'ignore_ament_install']
[0.848s] Level 1:colcon.colcon_core.package_identification:_identify(ball_hitting_robot/src/perception) by extension 'ignore'
[0.848s] Level 1:colcon.colcon_core.package_identification:_identify(ball_hitting_robot/src/perception) by extension 'ignore_ament_install'
[0.848s] Level 1:colcon.colcon_core.package_identification:_identify(ball_hitting_robot/src/perception) by extensions ['colcon_pkg']
[0.849s] Level 1:colcon.colcon_core.package_identification:_identify(ball_hitting_robot/src/perception) by extension 'colcon_pkg'
[0.849s] Level 1:colcon.colcon_core.package_identification:_identify(ball_hitting_robot/src/perception) by extensions ['colcon_meta']
[0.849s] Level 1:colcon.colcon_core.package_identification:_identify(ball_hitting_robot/src/perception) by extension 'colcon_meta'
[0.849s] Level 1:colcon.colcon_core.package_identification:_identify(ball_hitting_robot/src/perception) by extensions ['ros']
[0.849s] Level 1:colcon.colcon_core.package_identification:_identify(ball_hitting_robot/src/perception) by extension 'ros'
[0.852s] DEBUG:colcon.colcon_core.package_identification:Package 'ball_hitting_robot/src/perception' with type 'ros.ament_python' and name 'perception'
[0.853s] Level 1:colcon.colcon_core.package_identification:_identify(build) by extensions ['ignore', 'ignore_ament_install']
[0.853s] Level 1:colcon.colcon_core.package_identification:_identify(build) by extension 'ignore'
[0.854s] Level 1:colcon.colcon_core.package_identification:_identify(build) ignored
[0.854s] Level 1:colcon.colcon_core.package_identification:_identify(install) by extensions ['ignore', 'ignore_ament_install']
[0.854s] Level 1:colcon.colcon_core.package_identification:_identify(install) by extension 'ignore'
[0.854s] Level 1:colcon.colcon_core.package_identification:_identify(install) ignored
[0.855s] Level 1:colcon.colcon_core.package_identification:_identify(log) by extensions ['ignore', 'ignore_ament_install']
[0.855s] Level 1:colcon.colcon_core.package_identification:_identify(log) by extension 'ignore'
[0.855s] Level 1:colcon.colcon_core.package_identification:_identify(log) ignored
[0.855s] Level 1:colcon.colcon_core.package_discovery:discover_packages(recursive) using defaults
[0.855s] Level 1:colcon.colcon_core.package_discovery:discover_packages(ignore) discover
[0.855s] Level 1:colcon.colcon_core.package_discovery:discover_packages(ignore) using defaults
[0.855s] Level 1:colcon.colcon_core.package_discovery:discover_packages(path) discover
[0.855s] Level 1:colcon.colcon_core.package_discovery:discover_packages(path) using defaults
[0.929s] INFO:colcon.colcon_core.package_selection:Skipping not selected package 'control' in 'ball_hitting_robot/src/control'
[0.930s] INFO:colcon.colcon_core.package_selection:Skipping not selected package 'game_manager' in 'ball_hitting_robot/src/game_manager'
[0.930s] INFO:colcon.colcon_core.package_selection:Skipping not selected package 'perception' in 'ball_hitting_robot/src/perception'
[0.931s] Level 1:colcon.colcon_core.package_discovery:discover_packages(prefix_path) check parameters
[0.931s] Level 1:colcon.colcon_core.package_discovery:discover_packages(prefix_path) discover
[0.939s] DEBUG:colcon.colcon_installed_package_information.package_discovery:Found 17 installed packages in /home/ems/ros2_ws/install
[0.940s] DEBUG:colcon.colcon_installed_package_information.package_discovery:Found 3 installed packages in /home/ems/ProiectPSD/install
[0.945s] DEBUG:colcon.colcon_installed_package_information.package_discovery:Found 333 installed packages in /opt/ros/humble
[0.950s] Level 1:colcon.colcon_core.package_discovery:discover_packages(prefix_path) using defaults
[1.076s] Level 5:colcon.colcon_core.verb:set package 'gazebo_simulation' build argument 'cmake_args' from command line to 'None'
[1.076s] Level 5:colcon.colcon_core.verb:set package 'gazebo_simulation' build argument 'cmake_target' from command line to 'None'
[1.076s] Level 5:colcon.colcon_core.verb:set package 'gazebo_simulation' build argument 'cmake_target_skip_unavailable' from command line to 'False'
[1.076s] Level 5:colcon.colcon_core.verb:set package 'gazebo_simulation' build argument 'cmake_clean_cache' from command line to 'False'
[1.076s] Level 5:colcon.colcon_core.verb:set package 'gazebo_simulation' build argument 'cmake_clean_first' from command line to 'False'
[1.077s] Level 5:colcon.colcon_core.verb:set package 'gazebo_simulation' build argument 'cmake_force_configure' from command line to 'False'
[1.077s] Level 5:colcon.colcon_core.verb:set package 'gazebo_simulation' build argument 'ament_cmake_args' from command line to 'None'
[1.077s] Level 5:colcon.colcon_core.verb:set package 'gazebo_simulation' build argument 'catkin_cmake_args' from command line to 'None'
[1.077s] Level 5:colcon.colcon_core.verb:set package 'gazebo_simulation' build argument 'catkin_skip_building_tests' from command line to 'False'
[1.077s] DEBUG:colcon.colcon_core.verb:Building package 'gazebo_simulation' with the following arguments: {'ament_cmake_args': None, 'build_base': '/home/ems/Documents/PSD/build/gazebo_simulation', 'catkin_cmake_args': None, 'catkin_skip_building_tests': False, 'cmake_args': None, 'cmake_clean_cache': False, 'cmake_clean_first': False, 'cmake_force_configure': False, 'cmake_target': None, 'cmake_target_skip_unavailable': False, 'install_base': '/home/ems/Documents/PSD/install/gazebo_simulation', 'merge_install': False, 'path': '/home/ems/Documents/PSD/ball_hitting_robot/src/gazebo_simulation', 'symlink_install': True, 'test_result_base': None}
[1.078s] INFO:colcon.colcon_core.executor:Executing jobs using 'parallel' executor
[1.082s] DEBUG:colcon.colcon_parallel_executor.executor.parallel:run_until_complete
[1.083s] INFO:colcon.colcon_ros.task.ament_cmake.build:Building ROS package in '/home/ems/Documents/PSD/ball_hitting_robot/src/gazebo_simulation' with build type 'ament_cmake'
[1.083s] INFO:colcon.colcon_cmake.task.cmake.build:Building CMake package in '/home/ems/Documents/PSD/ball_hitting_robot/src/gazebo_simulation'
[1.094s] INFO:colcon.colcon_core.plugin_system:Skipping extension 'colcon_core.shell.bat': Not used on non-Windows systems
[1.094s] INFO:colcon.colcon_core.shell:Skip shell extension 'powershell' for command environment: Not usable outside of PowerShell
[1.094s] DEBUG:colcon.colcon_core.shell:Skip shell extension 'dsv' for command environment
[1.163s] DEBUG:colcon.colcon_core.event_handler.log_command:Invoking command in '/home/ems/Documents/PSD/build/gazebo_simulation': CMAKE_PREFIX_PATH=${CMAKE_PREFIX_PATH}:/home/ems/ProiectPSD/install:/home/ems/ros2_ws/install/turtlebot3_teleop:/home/ems/ros2_ws/install/turtlebot3_example:/home/ems/ros2_ws/install/circle_drive:/opt/ros/humble /usr/bin/cmake /home/ems/Documents/PSD/ball_hitting_robot/src/gazebo_simulation -DAMENT_CMAKE_SYMLINK_INSTALL=1 -DCMAKE_INSTALL_PREFIX=/home/ems/Documents/PSD/install/gazebo_simulation
[1.927s] DEBUG:colcon.colcon_core.event_handler.log_command:Invoked command in '/home/ems/Documents/PSD/build/gazebo_simulation' returned '0': CMAKE_PREFIX_PATH=${CMAKE_PREFIX_PATH}:/home/ems/ProiectPSD/install:/home/ems/ros2_ws/install/turtlebot3_teleop:/home/ems/ros2_ws/install/turtlebot3_example:/home/ems/ros2_ws/install/circle_drive:/opt/ros/humble /usr/bin/cmake /home/ems/Documents/PSD/ball_hitting_robot/src/gazebo_simulation -DAMENT_CMAKE_SYMLINK_INSTALL=1 -DCMAKE_INSTALL_PREFIX=/home/ems/Documents/PSD/install/gazebo_simulation
[1.936s] DEBUG:colcon.colcon_core.event_handler.log_command:Invoking command in '/home/ems/Documents/PSD/build/gazebo_simulation': CMAKE_PREFIX_PATH=${CMAKE_PREFIX_PATH}:/home/ems/ProiectPSD/install:/home/ems/ros2_ws/install/turtlebot3_teleop:/home/ems/ros2_ws/install/turtlebot3_example:/home/ems/ros2_ws/install/circle_drive:/opt/ros/humble /usr/bin/cmake --build /home/ems/Documents/PSD/build/gazebo_simulation -- -j8 -l8
[2.043s] DEBUG:colcon.colcon_core.event_handler.log_command:Invoked command in '/home/ems/Documents/PSD/build/gazebo_simulation' returned '0': CMAKE_PREFIX_PATH=${CMAKE_PREFIX_PATH}:/home/ems/ProiectPSD/install:/home/ems/ros2_ws/install/turtlebot3_teleop:/home/ems/ros2_ws/install/turtlebot3_example:/home/ems/ros2_ws/install/circle_drive:/opt/ros/humble /usr/bin/cmake --build /home/ems/Documents/PSD/build/gazebo_simulation -- -j8 -l8
[2.073s] DEBUG:colcon.colcon_core.event_handler.log_command:Invoking command in '/home/ems/Documents/PSD/build/gazebo_simulation': CMAKE_PREFIX_PATH=${CMAKE_PREFIX_PATH}:/home/ems/ProiectPSD/install:/home/ems/ros2_ws/install/turtlebot3_teleop:/home/ems/ros2_ws/install/turtlebot3_example:/home/ems/ros2_ws/install/circle_drive:/opt/ros/humble /usr/bin/cmake --install /home/ems/Documents/PSD/build/gazebo_simulation
[2.216s] Level 1:colcon.colcon_core.environment:create_environment_scripts_only(gazebo_simulation)
[2.217s] DEBUG:colcon.colcon_core.event_handler.log_command:Invoked command in '/home/ems/Documents/PSD/build/gazebo_simulation' returned '0': CMAKE_PREFIX_PATH=${CMAKE_PREFIX_PATH}:/home/ems/ProiectPSD/install:/home/ems/ros2_ws/install/turtlebot3_teleop:/home/ems/ros2_ws/install/turtlebot3_example:/home/ems/ros2_ws/install/circle_drive:/opt/ros/humble /usr/bin/cmake --install /home/ems/Documents/PSD/build/gazebo_simulation
[2.228s] Level 1:colcon.colcon_core.environment:checking '/home/ems/Documents/PSD/install/gazebo_simulation' for CMake module files
[2.229s] Level 1:colcon.colcon_core.environment:checking '/home/ems/Documents/PSD/install/gazebo_simulation' for CMake config files
[2.230s] Level 1:colcon.colcon_core.shell:create_environment_hook('gazebo_simulation', 'cmake_prefix_path')
[2.233s] INFO:colcon.colcon_core.shell:Creating environment hook '/home/ems/Documents/PSD/install/gazebo_simulation/share/gazebo_simulation/hook/cmake_prefix_path.ps1'
[2.235s] INFO:colcon.colcon_core.shell:Creating environment descriptor '/home/ems/Documents/PSD/install/gazebo_simulation/share/gazebo_simulation/hook/cmake_prefix_path.dsv'
[2.237s] INFO:colcon.colcon_core.shell:Creating environment hook '/home/ems/Documents/PSD/install/gazebo_simulation/share/gazebo_simulation/hook/cmake_prefix_path.sh'
[2.240s] Level 1:colcon.colcon_core.environment:checking '/home/ems/Documents/PSD/install/gazebo_simulation/bin'
[2.240s] Level 1:colcon.colcon_core.environment:checking '/home/ems/Documents/PSD/install/gazebo_simulation/lib/pkgconfig/gazebo_simulation.pc'
[2.241s] Level 1:colcon.colcon_core.environment:checking '/home/ems/Documents/PSD/install/gazebo_simulation/lib/python3.10/site-packages'
[2.242s] Level 1:colcon.colcon_core.environment:checking '/home/ems/Documents/PSD/install/gazebo_simulation/bin'
[2.243s] INFO:colcon.colcon_core.shell:Creating package script '/home/ems/Documents/PSD/install/gazebo_simulation/share/gazebo_simulation/package.ps1'
[2.246s] INFO:colcon.colcon_core.shell:Creating package descriptor '/home/ems/Documents/PSD/install/gazebo_simulation/share/gazebo_simulation/package.dsv'
[2.248s] INFO:colcon.colcon_core.shell:Creating package script '/home/ems/Documents/PSD/install/gazebo_simulation/share/gazebo_simulation/package.sh'
[2.251s] INFO:colcon.colcon_core.shell:Creating package script '/home/ems/Documents/PSD/install/gazebo_simulation/share/gazebo_simulation/package.bash'
[2.253s] INFO:colcon.colcon_core.shell:Creating package script '/home/ems/Documents/PSD/install/gazebo_simulation/share/gazebo_simulation/package.zsh'
[2.255s] Level 1:colcon.colcon_core.environment:create_file_with_runtime_dependencies(/home/ems/Documents/PSD/install/gazebo_simulation/share/colcon-core/packages/gazebo_simulation)
[2.257s] Level 1:colcon.colcon_core.environment:create_environment_scripts_only(gazebo_simulation)
[2.261s] Level 1:colcon.colcon_core.environment:checking '/home/ems/Documents/PSD/install/gazebo_simulation' for CMake module files
[2.263s] Level 1:colcon.colcon_core.environment:checking '/home/ems/Documents/PSD/install/gazebo_simulation' for CMake config files
[2.264s] Level 1:colcon.colcon_core.shell:create_environment_hook('gazebo_simulation', 'cmake_prefix_path')
[2.265s] INFO:colcon.colcon_core.shell:Creating environment hook '/home/ems/Documents/PSD/install/gazebo_simulation/share/gazebo_simulation/hook/cmake_prefix_path.ps1'
[2.267s] INFO:colcon.colcon_core.shell:Creating environment descriptor '/home/ems/Documents/PSD/install/gazebo_simulation/share/gazebo_simulation/hook/cmake_prefix_path.dsv'
[2.268s] INFO:colcon.colcon_core.shell:Creating environment hook '/home/ems/Documents/PSD/install/gazebo_simulation/share/gazebo_simulation/hook/cmake_prefix_path.sh'
[2.270s] Level 1:colcon.colcon_core.environment:checking '/home/ems/Documents/PSD/install/gazebo_simulation/bin'
[2.271s] Level 1:colcon.colcon_core.environment:checking '/home/ems/Documents/PSD/install/gazebo_simulation/lib/pkgconfig/gazebo_simulation.pc'
[2.272s] Level 1:colcon.colcon_core.environment:checking '/home/ems/Documents/PSD/install/gazebo_simulation/lib/python3.10/site-packages'
[2.273s] Level 1:colcon.colcon_core.environment:checking '/home/ems/Documents/PSD/install/gazebo_simulation/bin'
[2.274s] INFO:colcon.colcon_core.shell:Creating package script '/home/ems/Documents/PSD/install/gazebo_simulation/share/gazebo_simulation/package.ps1'
[2.275s] INFO:colcon.colcon_core.shell:Creating package descriptor '/home/ems/Documents/PSD/install/gazebo_simulation/share/gazebo_simulation/package.dsv'
[2.277s] INFO:colcon.colcon_core.shell:Creating package script '/home/ems/Documents/PSD/install/gazebo_simulation/share/gazebo_simulation/package.sh'
[2.279s] INFO:colcon.colcon_core.shell:Creating package script '/home/ems/Documents/PSD/install/gazebo_simulation/share/gazebo_simulation/package.bash'
[2.281s] INFO:colcon.colcon_core.shell:Creating package script '/home/ems/Documents/PSD/install/gazebo_simulation/share/gazebo_simulation/package.zsh'
[2.283s] Level 1:colcon.colcon_core.environment:create_file_with_runtime_dependencies(/home/ems/Documents/PSD/install/gazebo_simulation/share/colcon-core/packages/gazebo_simulation)
[2.287s] DEBUG:colcon.colcon_parallel_executor.executor.parallel:closing loop
[2.288s] DEBUG:colcon.colcon_parallel_executor.executor.parallel:loop closed
[2.289s] DEBUG:colcon.colcon_parallel_executor.executor.parallel:run_until_complete finished with '0'
[2.290s] DEBUG:colcon.colcon_core.event_reactor:joining thread
[2.303s] INFO:colcon.colcon_core.plugin_system:Skipping extension 'colcon_notification.desktop_notification.terminal_notifier': Not used on non-Darwin systems
[2.304s] INFO:colcon.colcon_core.plugin_system:Skipping extension 'colcon_notification.desktop_notification.win32': Not used on non-Windows systems
[2.304s] INFO:colcon.colcon_notification.desktop_notification:Sending desktop notification using 'notify2'
[2.381s] DEBUG:colcon.colcon_core.event_reactor:joined thread
[2.381s] INFO:colcon.colcon_core.shell:Creating prefix script '/home/ems/Documents/PSD/install/local_setup.ps1'
[2.388s] INFO:colcon.colcon_core.shell:Creating prefix util module '/home/ems/Documents/PSD/install/_local_setup_util_ps1.py'
[2.394s] INFO:colcon.colcon_core.shell:Creating prefix chain script '/home/ems/Documents/PSD/install/setup.ps1'
[2.399s] INFO:colcon.colcon_core.shell:Creating prefix script '/home/ems/Documents/PSD/install/local_setup.sh'
[2.403s] INFO:colcon.colcon_core.shell:Creating prefix util module '/home/ems/Documents/PSD/install/_local_setup_util_sh.py'
[2.404s] INFO:colcon.colcon_core.shell:Creating prefix chain script '/home/ems/Documents/PSD/install/setup.sh'
[2.409s] INFO:colcon.colcon_core.shell:Creating prefix script '/home/ems/Documents/PSD/install/local_setup.bash'
[2.411s] INFO:colcon.colcon_core.shell:Creating prefix chain script '/home/ems/Documents/PSD/install/setup.bash'
[2.415s] INFO:colcon.colcon_core.shell:Creating prefix script '/home/ems/Documents/PSD/install/local_setup.zsh'
[2.418s] INFO:colcon.colcon_core.shell:Creating prefix chain script '/home/ems/Documents/PSD/install/setup.zsh'
