running develop
running egg_info
creating game_manager.egg-info
writing game_manager.egg-info/PKG-INFO
writing dependency_links to game_manager.egg-info/dependency_links.txt
writing entry points to game_manager.egg-info/entry_points.txt
writing requirements to game_manager.egg-info/requires.txt
writing top-level names to game_manager.egg-info/top_level.txt
writing manifest file 'game_manager.egg-info/SOURCES.txt'
reading manifest file 'game_manager.egg-info/SOURCES.txt'
writing manifest file 'game_manager.egg-info/SOURCES.txt'
running build_ext
Creating /home/ems/Documents/PSD/install/game_manager/lib/python3.10/site-packages/game-manager.egg-link (link to .)
Installing game_manager script to /home/ems/Documents/PSD/install/game_manager/bin

Installed /home/ems/Documents/PSD/build/game_manager
running symlink_data
creating /home/ems/Documents/PSD/install/game_manager/share/ament_index
creating /home/ems/Documents/PSD/install/game_manager/share/ament_index/resource_index
creating /home/ems/Documents/PSD/install/game_manager/share/ament_index/resource_index/packages
symbolically linking /home/ems/Documents/PSD/build/game_manager/resource/game_manager -> /home/ems/Documents/PSD/install/game_manager/share/ament_index/resource_index/packages
symbolically linking /home/ems/Documents/PSD/build/game_manager/package.xml -> /home/ems/Documents/PSD/install/game_manager/share/game_manager
