[2.914s] Invoking command in '/home/ems/Documents/PSD/build/game_manager': PYTHONPATH=/home/ems/Documents/PSD/build/game_manager/prefix_override:/usr/lib/python3/dist-packages/colcon_core/task/python/colcon_distutils_commands:/home/ems/Documents/PSD/install/game_manager/lib/python3.10/site-packages:${PYTHONPATH} /usr/bin/python3 -W ignore:setup.py install is deprecated -W ignore:easy_install command is deprecated setup.py develop --editable --build-directory /home/ems/Documents/PSD/build/game_manager/build --no-deps symlink_data
[3.541s] running develop
[3.979s] running egg_info
[3.979s] creating game_manager.egg-info
[3.979s] writing game_manager.egg-info/PKG-INFO
[3.979s] writing dependency_links to game_manager.egg-info/dependency_links.txt
[3.981s] writing entry points to game_manager.egg-info/entry_points.txt
[3.981s] writing requirements to game_manager.egg-info/requires.txt
[3.982s] writing top-level names to game_manager.egg-info/top_level.txt
[3.982s] writing manifest file 'game_manager.egg-info/SOURCES.txt'
[3.988s] reading manifest file 'game_manager.egg-info/SOURCES.txt'
[3.988s] writing manifest file 'game_manager.egg-info/SOURCES.txt'
[3.993s] running build_ext
[3.994s] Creating /home/ems/Documents/PSD/install/game_manager/lib/python3.10/site-packages/game-manager.egg-link (link to .)
[3.994s] Installing game_manager script to /home/ems/Documents/PSD/install/game_manager/bin
[3.996s] 
[3.996s] Installed /home/ems/Documents/PSD/build/game_manager
[3.997s] running symlink_data
[3.997s] creating /home/ems/Documents/PSD/install/game_manager/share/ament_index
[3.997s] creating /home/ems/Documents/PSD/install/game_manager/share/ament_index/resource_index
[3.997s] creating /home/ems/Documents/PSD/install/game_manager/share/ament_index/resource_index/packages
[3.999s] symbolically linking /home/ems/Documents/PSD/build/game_manager/resource/game_manager -> /home/ems/Documents/PSD/install/game_manager/share/ament_index/resource_index/packages
[3.999s] symbolically linking /home/ems/Documents/PSD/build/game_manager/package.xml -> /home/ems/Documents/PSD/install/game_manager/share/game_manager
[4.079s] Invoked command in '/home/ems/Documents/PSD/build/game_manager' returned '0': PYTHONPATH=/home/ems/Documents/PSD/build/game_manager/prefix_override:/usr/lib/python3/dist-packages/colcon_core/task/python/colcon_distutils_commands:/home/ems/Documents/PSD/install/game_manager/lib/python3.10/site-packages:${PYTHONPATH} /usr/bin/python3 -W ignore:setup.py install is deprecated -W ignore:easy_install command is deprecated setup.py develop --editable --build-directory /home/ems/Documents/PSD/build/game_manager/build --no-deps symlink_data
