[0.221s] DEBUG:colcon:Command line arguments: ['/usr/bin/colcon', 'build', '--symlink-install']
[0.221s] DEBUG:colcon:Parsed command line arguments: Namespace(log_base=None, log_level=None, verb_name='build', build_base='build', install_base='install', merge_install=False, symlink_install=True, test_result_base=None, continue_on_error=False, executor='parallel', parallel_workers=8, event_handlers=None, ignore_user_meta=False, metas=['./colcon.meta'], base_paths=['.'], packages_ignore=None, packages_ignore_regex=None, paths=None, packages_up_to=None, packages_up_to_regex=None, packages_above=None, packages_above_and_dependencies=None, packages_above_depth=None, packages_select_by_dep=None, packages_skip_by_dep=None, packages_skip_up_to=None, packages_select_build_failed=False, packages_skip_build_finished=False, packages_select_test_failures=False, packages_skip_test_passed=False, packages_select=None, packages_skip=None, packages_select_regex=None, packages_skip_regex=None, packages_start=None, packages_end=None, allow_overriding=[], cmake_args=None, cmake_target=None, cmake_target_skip_unavailable=False, cmake_clean_cache=False, cmake_clean_first=False, cmake_force_configure=False, ament_cmake_args=None, catkin_cmake_args=None, catkin_skip_building_tests=False, mixin_files=None, mixin=None, verb_parser=<colcon_mixin.mixin.mixin_argument.MixinArgumentDecorator object at 0x70f89ed80040>, verb_extension=<colcon_core.verb.build.BuildVerb object at 0x70f89eefd900>, main=<bound method BuildVerb.main of <colcon_core.verb.build.BuildVerb object at 0x70f89eefd900>>, mixin_verb=('build',))
[0.577s] Level 1:colcon.colcon_core.package_discovery:discover_packages(colcon_meta) check parameters
[0.578s] Level 1:colcon.colcon_core.package_discovery:discover_packages(recursive) check parameters
[0.578s] Level 1:colcon.colcon_core.package_discovery:discover_packages(ignore) check parameters
[0.578s] Level 1:colcon.colcon_core.package_discovery:discover_packages(path) check parameters
[0.578s] Level 1:colcon.colcon_core.package_discovery:discover_packages(colcon_meta) discover
[0.578s] Level 1:colcon.colcon_core.package_discovery:discover_packages(recursive) discover
[0.578s] INFO:colcon.colcon_core.package_discovery:Crawling recursively for packages in '/home/ems/Documents/PSD'
[0.578s] Level 1:colcon.colcon_core.package_identification:_identify(.) by extensions ['ignore', 'ignore_ament_install']
[0.578s] Level 1:colcon.colcon_core.package_identification:_identify(.) by extension 'ignore'
[0.579s] Level 1:colcon.colcon_core.package_identification:_identify(.) by extension 'ignore_ament_install'
[0.579s] Level 1:colcon.colcon_core.package_identification:_identify(.) by extensions ['colcon_pkg']
[0.579s] Level 1:colcon.colcon_core.package_identification:_identify(.) by extension 'colcon_pkg'
[0.579s] Level 1:colcon.colcon_core.package_identification:_identify(.) by extensions ['colcon_meta']
[0.579s] Level 1:colcon.colcon_core.package_identification:_identify(.) by extension 'colcon_meta'
[0.579s] Level 1:colcon.colcon_core.package_identification:_identify(.) by extensions ['ros']
[0.579s] Level 1:colcon.colcon_core.package_identification:_identify(.) by extension 'ros'
[0.606s] Level 1:colcon.colcon_core.package_identification:_identify(.) by extensions ['cmake', 'python']
[0.607s] Level 1:colcon.colcon_core.package_identification:_identify(.) by extension 'cmake'
[0.607s] Level 1:colcon.colcon_core.package_identification:_identify(.) by extension 'python'
[0.607s] Level 1:colcon.colcon_core.package_identification:_identify(.) by extensions ['python_setup_py']
[0.607s] Level 1:colcon.colcon_core.package_identification:_identify(.) by extension 'python_setup_py'
[0.607s] Level 1:colcon.colcon_core.package_identification:_identify(ball_hitting_robot) by extensions ['ignore', 'ignore_ament_install']
[0.607s] Level 1:colcon.colcon_core.package_identification:_identify(ball_hitting_robot) by extension 'ignore'
[0.607s] Level 1:colcon.colcon_core.package_identification:_identify(ball_hitting_robot) by extension 'ignore_ament_install'
[0.608s] Level 1:colcon.colcon_core.package_identification:_identify(ball_hitting_robot) by extensions ['colcon_pkg']
[0.608s] Level 1:colcon.colcon_core.package_identification:_identify(ball_hitting_robot) by extension 'colcon_pkg'
[0.608s] Level 1:colcon.colcon_core.package_identification:_identify(ball_hitting_robot) by extensions ['colcon_meta']
[0.608s] Level 1:colcon.colcon_core.package_identification:_identify(ball_hitting_robot) by extension 'colcon_meta'
[0.608s] Level 1:colcon.colcon_core.package_identification:_identify(ball_hitting_robot) by extensions ['ros']
[0.608s] Level 1:colcon.colcon_core.package_identification:_identify(ball_hitting_robot) by extension 'ros'
[0.608s] Level 1:colcon.colcon_core.package_identification:_identify(ball_hitting_robot) by extensions ['cmake', 'python']
[0.608s] Level 1:colcon.colcon_core.package_identification:_identify(ball_hitting_robot) by extension 'cmake'
[0.608s] Level 1:colcon.colcon_core.package_identification:_identify(ball_hitting_robot) by extension 'python'
[0.608s] Level 1:colcon.colcon_core.package_identification:_identify(ball_hitting_robot) by extensions ['python_setup_py']
[0.609s] Level 1:colcon.colcon_core.package_identification:_identify(ball_hitting_robot) by extension 'python_setup_py'
[0.609s] Level 1:colcon.colcon_core.package_identification:_identify(ball_hitting_robot/build) by extensions ['ignore', 'ignore_ament_install']
[0.609s] Level 1:colcon.colcon_core.package_identification:_identify(ball_hitting_robot/build) by extension 'ignore'
[0.609s] Level 1:colcon.colcon_core.package_identification:_identify(ball_hitting_robot/build) ignored
[0.609s] Level 1:colcon.colcon_core.package_identification:_identify(ball_hitting_robot/install) by extensions ['ignore', 'ignore_ament_install']
[0.609s] Level 1:colcon.colcon_core.package_identification:_identify(ball_hitting_robot/install) by extension 'ignore'
[0.610s] Level 1:colcon.colcon_core.package_identification:_identify(ball_hitting_robot/install) ignored
[0.610s] Level 1:colcon.colcon_core.package_identification:_identify(ball_hitting_robot/log) by extensions ['ignore', 'ignore_ament_install']
[0.610s] Level 1:colcon.colcon_core.package_identification:_identify(ball_hitting_robot/log) by extension 'ignore'
[0.610s] Level 1:colcon.colcon_core.package_identification:_identify(ball_hitting_robot/log) ignored
[0.610s] Level 1:colcon.colcon_core.package_identification:_identify(ball_hitting_robot/src) by extensions ['ignore', 'ignore_ament_install']
[0.610s] Level 1:colcon.colcon_core.package_identification:_identify(ball_hitting_robot/src) by extension 'ignore'
[0.610s] Level 1:colcon.colcon_core.package_identification:_identify(ball_hitting_robot/src) by extension 'ignore_ament_install'
[0.611s] Level 1:colcon.colcon_core.package_identification:_identify(ball_hitting_robot/src) by extensions ['colcon_pkg']
[0.611s] Level 1:colcon.colcon_core.package_identification:_identify(ball_hitting_robot/src) by extension 'colcon_pkg'
[0.611s] Level 1:colcon.colcon_core.package_identification:_identify(ball_hitting_robot/src) by extensions ['colcon_meta']
[0.611s] Level 1:colcon.colcon_core.package_identification:_identify(ball_hitting_robot/src) by extension 'colcon_meta'
[0.611s] Level 1:colcon.colcon_core.package_identification:_identify(ball_hitting_robot/src) by extensions ['ros']
[0.611s] Level 1:colcon.colcon_core.package_identification:_identify(ball_hitting_robot/src) by extension 'ros'
[0.611s] Level 1:colcon.colcon_core.package_identification:_identify(ball_hitting_robot/src) by extensions ['cmake', 'python']
[0.611s] Level 1:colcon.colcon_core.package_identification:_identify(ball_hitting_robot/src) by extension 'cmake'
[0.611s] Level 1:colcon.colcon_core.package_identification:_identify(ball_hitting_robot/src) by extension 'python'
[0.611s] Level 1:colcon.colcon_core.package_identification:_identify(ball_hitting_robot/src) by extensions ['python_setup_py']
[0.612s] Level 1:colcon.colcon_core.package_identification:_identify(ball_hitting_robot/src) by extension 'python_setup_py'
[0.612s] Level 1:colcon.colcon_core.package_identification:_identify(ball_hitting_robot/src/control) by extensions ['ignore', 'ignore_ament_install']
[0.612s] Level 1:colcon.colcon_core.package_identification:_identify(ball_hitting_robot/src/control) by extension 'ignore'
[0.612s] Level 1:colcon.colcon_core.package_identification:_identify(ball_hitting_robot/src/control) by extension 'ignore_ament_install'
[0.612s] Level 1:colcon.colcon_core.package_identification:_identify(ball_hitting_robot/src/control) by extensions ['colcon_pkg']
[0.612s] Level 1:colcon.colcon_core.package_identification:_identify(ball_hitting_robot/src/control) by extension 'colcon_pkg'
[0.612s] Level 1:colcon.colcon_core.package_identification:_identify(ball_hitting_robot/src/control) by extensions ['colcon_meta']
[0.612s] Level 1:colcon.colcon_core.package_identification:_identify(ball_hitting_robot/src/control) by extension 'colcon_meta'
[0.613s] Level 1:colcon.colcon_core.package_identification:_identify(ball_hitting_robot/src/control) by extensions ['ros']
[0.613s] Level 1:colcon.colcon_core.package_identification:_identify(ball_hitting_robot/src/control) by extension 'ros'
[0.618s] DEBUG:colcon.colcon_core.package_identification:Package 'ball_hitting_robot/src/control' with type 'ros.ament_python' and name 'control'
[0.618s] Level 1:colcon.colcon_core.package_identification:_identify(ball_hitting_robot/src/game_manager) by extensions ['ignore', 'ignore_ament_install']
[0.619s] Level 1:colcon.colcon_core.package_identification:_identify(ball_hitting_robot/src/game_manager) by extension 'ignore'
[0.619s] Level 1:colcon.colcon_core.package_identification:_identify(ball_hitting_robot/src/game_manager) by extension 'ignore_ament_install'
[0.619s] Level 1:colcon.colcon_core.package_identification:_identify(ball_hitting_robot/src/game_manager) by extensions ['colcon_pkg']
[0.619s] Level 1:colcon.colcon_core.package_identification:_identify(ball_hitting_robot/src/game_manager) by extension 'colcon_pkg'
[0.619s] Level 1:colcon.colcon_core.package_identification:_identify(ball_hitting_robot/src/game_manager) by extensions ['colcon_meta']
[0.619s] Level 1:colcon.colcon_core.package_identification:_identify(ball_hitting_robot/src/game_manager) by extension 'colcon_meta'
[0.619s] Level 1:colcon.colcon_core.package_identification:_identify(ball_hitting_robot/src/game_manager) by extensions ['ros']
[0.619s] Level 1:colcon.colcon_core.package_identification:_identify(ball_hitting_robot/src/game_manager) by extension 'ros'
[0.621s] DEBUG:colcon.colcon_core.package_identification:Package 'ball_hitting_robot/src/game_manager' with type 'ros.ament_python' and name 'game_manager'
[0.622s] Level 1:colcon.colcon_core.package_identification:_identify(ball_hitting_robot/src/gazebo_simulation) by extensions ['ignore', 'ignore_ament_install']
[0.622s] Level 1:colcon.colcon_core.package_identification:_identify(ball_hitting_robot/src/gazebo_simulation) by extension 'ignore'
[0.622s] Level 1:colcon.colcon_core.package_identification:_identify(ball_hitting_robot/src/gazebo_simulation) by extension 'ignore_ament_install'
[0.623s] Level 1:colcon.colcon_core.package_identification:_identify(ball_hitting_robot/src/gazebo_simulation) by extensions ['colcon_pkg']
[0.623s] Level 1:colcon.colcon_core.package_identification:_identify(ball_hitting_robot/src/gazebo_simulation) by extension 'colcon_pkg'
[0.623s] Level 1:colcon.colcon_core.package_identification:_identify(ball_hitting_robot/src/gazebo_simulation) by extensions ['colcon_meta']
[0.623s] Level 1:colcon.colcon_core.package_identification:_identify(ball_hitting_robot/src/gazebo_simulation) by extension 'colcon_meta'
[0.623s] Level 1:colcon.colcon_core.package_identification:_identify(ball_hitting_robot/src/gazebo_simulation) by extensions ['ros']
[0.623s] Level 1:colcon.colcon_core.package_identification:_identify(ball_hitting_robot/src/gazebo_simulation) by extension 'ros'
[0.625s] DEBUG:colcon.colcon_core.package_identification:Package 'ball_hitting_robot/src/gazebo_simulation' with type 'ros.ament_cmake' and name 'gazebo_simulation'
[0.625s] Level 1:colcon.colcon_core.package_identification:_identify(ball_hitting_robot/src/perception) by extensions ['ignore', 'ignore_ament_install']
[0.625s] Level 1:colcon.colcon_core.package_identification:_identify(ball_hitting_robot/src/perception) by extension 'ignore'
[0.625s] Level 1:colcon.colcon_core.package_identification:_identify(ball_hitting_robot/src/perception) by extension 'ignore_ament_install'
[0.625s] Level 1:colcon.colcon_core.package_identification:_identify(ball_hitting_robot/src/perception) by extensions ['colcon_pkg']
[0.625s] Level 1:colcon.colcon_core.package_identification:_identify(ball_hitting_robot/src/perception) by extension 'colcon_pkg'
[0.626s] Level 1:colcon.colcon_core.package_identification:_identify(ball_hitting_robot/src/perception) by extensions ['colcon_meta']
[0.626s] Level 1:colcon.colcon_core.package_identification:_identify(ball_hitting_robot/src/perception) by extension 'colcon_meta'
[0.626s] Level 1:colcon.colcon_core.package_identification:_identify(ball_hitting_robot/src/perception) by extensions ['ros']
[0.626s] Level 1:colcon.colcon_core.package_identification:_identify(ball_hitting_robot/src/perception) by extension 'ros'
[0.628s] DEBUG:colcon.colcon_core.package_identification:Package 'ball_hitting_robot/src/perception' with type 'ros.ament_python' and name 'perception'
[0.628s] Level 1:colcon.colcon_core.package_identification:_identify(build) by extensions ['ignore', 'ignore_ament_install']
[0.628s] Level 1:colcon.colcon_core.package_identification:_identify(build) by extension 'ignore'
[0.628s] Level 1:colcon.colcon_core.package_identification:_identify(build) ignored
[0.628s] Level 1:colcon.colcon_core.package_identification:_identify(install) by extensions ['ignore', 'ignore_ament_install']
[0.629s] Level 1:colcon.colcon_core.package_identification:_identify(install) by extension 'ignore'
[0.629s] Level 1:colcon.colcon_core.package_identification:_identify(install) ignored
[0.629s] Level 1:colcon.colcon_core.package_identification:_identify(log) by extensions ['ignore', 'ignore_ament_install']
[0.629s] Level 1:colcon.colcon_core.package_identification:_identify(log) by extension 'ignore'
[0.629s] Level 1:colcon.colcon_core.package_identification:_identify(log) ignored
[0.629s] Level 1:colcon.colcon_core.package_discovery:discover_packages(recursive) using defaults
[0.629s] Level 1:colcon.colcon_core.package_discovery:discover_packages(ignore) discover
[0.629s] Level 1:colcon.colcon_core.package_discovery:discover_packages(ignore) using defaults
[0.629s] Level 1:colcon.colcon_core.package_discovery:discover_packages(path) discover
[0.629s] Level 1:colcon.colcon_core.package_discovery:discover_packages(path) using defaults
[0.694s] Level 1:colcon.colcon_core.package_discovery:discover_packages(prefix_path) check parameters
[0.695s] Level 1:colcon.colcon_core.package_discovery:discover_packages(prefix_path) discover
[0.701s] DEBUG:colcon.colcon_installed_package_information.package_discovery:Found 17 installed packages in /home/ems/ros2_ws/install
[0.702s] DEBUG:colcon.colcon_installed_package_information.package_discovery:Found 3 installed packages in /home/ems/ProiectPSD/install
[0.706s] DEBUG:colcon.colcon_installed_package_information.package_discovery:Found 333 installed packages in /opt/ros/humble
[0.710s] Level 1:colcon.colcon_core.package_discovery:discover_packages(prefix_path) using defaults
[0.814s] Level 5:colcon.colcon_core.verb:set package 'control' build argument 'cmake_args' from command line to 'None'
[0.814s] Level 5:colcon.colcon_core.verb:set package 'control' build argument 'cmake_target' from command line to 'None'
[0.814s] Level 5:colcon.colcon_core.verb:set package 'control' build argument 'cmake_target_skip_unavailable' from command line to 'False'
[0.814s] Level 5:colcon.colcon_core.verb:set package 'control' build argument 'cmake_clean_cache' from command line to 'False'
[0.814s] Level 5:colcon.colcon_core.verb:set package 'control' build argument 'cmake_clean_first' from command line to 'False'
[0.814s] Level 5:colcon.colcon_core.verb:set package 'control' build argument 'cmake_force_configure' from command line to 'False'
[0.814s] Level 5:colcon.colcon_core.verb:set package 'control' build argument 'ament_cmake_args' from command line to 'None'
[0.814s] Level 5:colcon.colcon_core.verb:set package 'control' build argument 'catkin_cmake_args' from command line to 'None'
[0.814s] Level 5:colcon.colcon_core.verb:set package 'control' build argument 'catkin_skip_building_tests' from command line to 'False'
[0.814s] DEBUG:colcon.colcon_core.verb:Building package 'control' with the following arguments: {'ament_cmake_args': None, 'build_base': '/home/ems/Documents/PSD/build/control', 'catkin_cmake_args': None, 'catkin_skip_building_tests': False, 'cmake_args': None, 'cmake_clean_cache': False, 'cmake_clean_first': False, 'cmake_force_configure': False, 'cmake_target': None, 'cmake_target_skip_unavailable': False, 'install_base': '/home/ems/Documents/PSD/install/control', 'merge_install': False, 'path': '/home/ems/Documents/PSD/ball_hitting_robot/src/control', 'symlink_install': True, 'test_result_base': None}
[0.815s] Level 5:colcon.colcon_core.verb:set package 'game_manager' build argument 'cmake_args' from command line to 'None'
[0.815s] Level 5:colcon.colcon_core.verb:set package 'game_manager' build argument 'cmake_target' from command line to 'None'
[0.816s] Level 5:colcon.colcon_core.verb:set package 'game_manager' build argument 'cmake_target_skip_unavailable' from command line to 'False'
[0.816s] Level 5:colcon.colcon_core.verb:set package 'game_manager' build argument 'cmake_clean_cache' from command line to 'False'
[0.816s] Level 5:colcon.colcon_core.verb:set package 'game_manager' build argument 'cmake_clean_first' from command line to 'False'
[0.816s] Level 5:colcon.colcon_core.verb:set package 'game_manager' build argument 'cmake_force_configure' from command line to 'False'
[0.816s] Level 5:colcon.colcon_core.verb:set package 'game_manager' build argument 'ament_cmake_args' from command line to 'None'
[0.816s] Level 5:colcon.colcon_core.verb:set package 'game_manager' build argument 'catkin_cmake_args' from command line to 'None'
[0.816s] Level 5:colcon.colcon_core.verb:set package 'game_manager' build argument 'catkin_skip_building_tests' from command line to 'False'
[0.816s] DEBUG:colcon.colcon_core.verb:Building package 'game_manager' with the following arguments: {'ament_cmake_args': None, 'build_base': '/home/ems/Documents/PSD/build/game_manager', 'catkin_cmake_args': None, 'catkin_skip_building_tests': False, 'cmake_args': None, 'cmake_clean_cache': False, 'cmake_clean_first': False, 'cmake_force_configure': False, 'cmake_target': None, 'cmake_target_skip_unavailable': False, 'install_base': '/home/ems/Documents/PSD/install/game_manager', 'merge_install': False, 'path': '/home/ems/Documents/PSD/ball_hitting_robot/src/game_manager', 'symlink_install': True, 'test_result_base': None}
[0.817s] Level 5:colcon.colcon_core.verb:set package 'gazebo_simulation' build argument 'cmake_args' from command line to 'None'
[0.817s] Level 5:colcon.colcon_core.verb:set package 'gazebo_simulation' build argument 'cmake_target' from command line to 'None'
[0.817s] Level 5:colcon.colcon_core.verb:set package 'gazebo_simulation' build argument 'cmake_target_skip_unavailable' from command line to 'False'
[0.817s] Level 5:colcon.colcon_core.verb:set package 'gazebo_simulation' build argument 'cmake_clean_cache' from command line to 'False'
[0.817s] Level 5:colcon.colcon_core.verb:set package 'gazebo_simulation' build argument 'cmake_clean_first' from command line to 'False'
[0.817s] Level 5:colcon.colcon_core.verb:set package 'gazebo_simulation' build argument 'cmake_force_configure' from command line to 'False'
[0.817s] Level 5:colcon.colcon_core.verb:set package 'gazebo_simulation' build argument 'ament_cmake_args' from command line to 'None'
[0.817s] Level 5:colcon.colcon_core.verb:set package 'gazebo_simulation' build argument 'catkin_cmake_args' from command line to 'None'
[0.817s] Level 5:colcon.colcon_core.verb:set package 'gazebo_simulation' build argument 'catkin_skip_building_tests' from command line to 'False'
[0.818s] DEBUG:colcon.colcon_core.verb:Building package 'gazebo_simulation' with the following arguments: {'ament_cmake_args': None, 'build_base': '/home/ems/Documents/PSD/build/gazebo_simulation', 'catkin_cmake_args': None, 'catkin_skip_building_tests': False, 'cmake_args': None, 'cmake_clean_cache': False, 'cmake_clean_first': False, 'cmake_force_configure': False, 'cmake_target': None, 'cmake_target_skip_unavailable': False, 'install_base': '/home/ems/Documents/PSD/install/gazebo_simulation', 'merge_install': False, 'path': '/home/ems/Documents/PSD/ball_hitting_robot/src/gazebo_simulation', 'symlink_install': True, 'test_result_base': None}
[0.818s] Level 5:colcon.colcon_core.verb:set package 'perception' build argument 'cmake_args' from command line to 'None'
[0.818s] Level 5:colcon.colcon_core.verb:set package 'perception' build argument 'cmake_target' from command line to 'None'
[0.819s] Level 5:colcon.colcon_core.verb:set package 'perception' build argument 'cmake_target_skip_unavailable' from command line to 'False'
[0.819s] Level 5:colcon.colcon_core.verb:set package 'perception' build argument 'cmake_clean_cache' from command line to 'False'
[0.819s] Level 5:colcon.colcon_core.verb:set package 'perception' build argument 'cmake_clean_first' from command line to 'False'
[0.819s] Level 5:colcon.colcon_core.verb:set package 'perception' build argument 'cmake_force_configure' from command line to 'False'
[0.819s] Level 5:colcon.colcon_core.verb:set package 'perception' build argument 'ament_cmake_args' from command line to 'None'
[0.819s] Level 5:colcon.colcon_core.verb:set package 'perception' build argument 'catkin_cmake_args' from command line to 'None'
[0.819s] Level 5:colcon.colcon_core.verb:set package 'perception' build argument 'catkin_skip_building_tests' from command line to 'False'
[0.819s] DEBUG:colcon.colcon_core.verb:Building package 'perception' with the following arguments: {'ament_cmake_args': None, 'build_base': '/home/ems/Documents/PSD/build/perception', 'catkin_cmake_args': None, 'catkin_skip_building_tests': False, 'cmake_args': None, 'cmake_clean_cache': False, 'cmake_clean_first': False, 'cmake_force_configure': False, 'cmake_target': None, 'cmake_target_skip_unavailable': False, 'install_base': '/home/ems/Documents/PSD/install/perception', 'merge_install': False, 'path': '/home/ems/Documents/PSD/ball_hitting_robot/src/perception', 'symlink_install': True, 'test_result_base': None}
[0.819s] INFO:colcon.colcon_core.executor:Executing jobs using 'parallel' executor
[0.821s] DEBUG:colcon.colcon_parallel_executor.executor.parallel:run_until_complete
[0.821s] INFO:colcon.colcon_ros.task.ament_python.build:Building ROS package in '/home/ems/Documents/PSD/ball_hitting_robot/src/control' with build type 'ament_python'
[0.821s] Level 1:colcon.colcon_core.shell:create_environment_hook('control', 'ament_prefix_path')
[0.826s] INFO:colcon.colcon_core.plugin_system:Skipping extension 'colcon_core.shell.bat': Not used on non-Windows systems
[0.827s] INFO:colcon.colcon_core.shell:Creating environment hook '/home/ems/Documents/PSD/install/control/share/control/hook/ament_prefix_path.ps1'
[0.829s] INFO:colcon.colcon_core.shell:Creating environment descriptor '/home/ems/Documents/PSD/install/control/share/control/hook/ament_prefix_path.dsv'
[0.830s] INFO:colcon.colcon_core.shell:Creating environment hook '/home/ems/Documents/PSD/install/control/share/control/hook/ament_prefix_path.sh'
[0.833s] INFO:colcon.colcon_core.shell:Skip shell extension 'powershell' for command environment: Not usable outside of PowerShell
[0.833s] DEBUG:colcon.colcon_core.shell:Skip shell extension 'dsv' for command environment
[0.844s] INFO:colcon.colcon_ros.task.ament_python.build:Building ROS package in '/home/ems/Documents/PSD/ball_hitting_robot/src/game_manager' with build type 'ament_python'
[0.844s] Level 1:colcon.colcon_core.shell:create_environment_hook('game_manager', 'ament_prefix_path')
[0.845s] INFO:colcon.colcon_core.shell:Creating environment hook '/home/ems/Documents/PSD/install/game_manager/share/game_manager/hook/ament_prefix_path.ps1'
[0.846s] INFO:colcon.colcon_core.shell:Creating environment descriptor '/home/ems/Documents/PSD/install/game_manager/share/game_manager/hook/ament_prefix_path.dsv'
[0.847s] INFO:colcon.colcon_core.shell:Creating environment hook '/home/ems/Documents/PSD/install/game_manager/share/game_manager/hook/ament_prefix_path.sh'
[0.848s] INFO:colcon.colcon_core.shell:Skip shell extension 'powershell' for command environment: Not usable outside of PowerShell
[0.848s] DEBUG:colcon.colcon_core.shell:Skip shell extension 'dsv' for command environment
[0.859s] INFO:colcon.colcon_ros.task.ament_cmake.build:Building ROS package in '/home/ems/Documents/PSD/ball_hitting_robot/src/gazebo_simulation' with build type 'ament_cmake'
[0.860s] INFO:colcon.colcon_cmake.task.cmake.build:Building CMake package in '/home/ems/Documents/PSD/ball_hitting_robot/src/gazebo_simulation'
[0.860s] INFO:colcon.colcon_core.shell:Skip shell extension 'powershell' for command environment: Not usable outside of PowerShell
[0.860s] DEBUG:colcon.colcon_core.shell:Skip shell extension 'dsv' for command environment
[0.871s] INFO:colcon.colcon_ros.task.ament_python.build:Building ROS package in '/home/ems/Documents/PSD/ball_hitting_robot/src/perception' with build type 'ament_python'
[0.872s] Level 1:colcon.colcon_core.shell:create_environment_hook('perception', 'ament_prefix_path')
[0.873s] INFO:colcon.colcon_core.shell:Creating environment hook '/home/ems/Documents/PSD/install/perception/share/perception/hook/ament_prefix_path.ps1'
[0.874s] INFO:colcon.colcon_core.shell:Creating environment descriptor '/home/ems/Documents/PSD/install/perception/share/perception/hook/ament_prefix_path.dsv'
[0.875s] INFO:colcon.colcon_core.shell:Creating environment hook '/home/ems/Documents/PSD/install/perception/share/perception/hook/ament_prefix_path.sh'
[0.877s] INFO:colcon.colcon_core.shell:Skip shell extension 'powershell' for command environment: Not usable outside of PowerShell
[0.877s] DEBUG:colcon.colcon_core.shell:Skip shell extension 'dsv' for command environment
[1.505s] INFO:colcon.colcon_core.task.python.build:Building Python package in '/home/ems/Documents/PSD/ball_hitting_robot/src/control'
[1.506s] INFO:colcon.colcon_core.shell:Skip shell extension 'powershell' for command environment: Not usable outside of PowerShell
[1.506s] DEBUG:colcon.colcon_core.shell:Skip shell extension 'dsv' for command environment
[2.099s] INFO:colcon.colcon_core.task.python.build:Building Python package in '/home/ems/Documents/PSD/ball_hitting_robot/src/game_manager'
[2.100s] INFO:colcon.colcon_core.shell:Skip shell extension 'powershell' for command environment: Not usable outside of PowerShell
[2.100s] DEBUG:colcon.colcon_core.shell:Skip shell extension 'dsv' for command environment
[2.113s] DEBUG:colcon.colcon_core.event_handler.log_command:Invoking command in '/home/ems/Documents/PSD/build/gazebo_simulation': CMAKE_PREFIX_PATH=${CMAKE_PREFIX_PATH}:/home/ems/ProiectPSD/install:/home/ems/ros2_ws/install/turtlebot3_teleop:/home/ems/ros2_ws/install/turtlebot3_example:/home/ems/ros2_ws/install/circle_drive:/opt/ros/humble /usr/bin/cmake /home/ems/Documents/PSD/ball_hitting_robot/src/gazebo_simulation -DAMENT_CMAKE_SYMLINK_INSTALL=1 -DCMAKE_INSTALL_PREFIX=/home/ems/Documents/PSD/install/gazebo_simulation
[2.687s] INFO:colcon.colcon_core.task.python.build:Building Python package in '/home/ems/Documents/PSD/ball_hitting_robot/src/perception'
[2.687s] INFO:colcon.colcon_core.shell:Skip shell extension 'powershell' for command environment: Not usable outside of PowerShell
[2.688s] DEBUG:colcon.colcon_core.shell:Skip shell extension 'dsv' for command environment
[3.752s] DEBUG:colcon.colcon_core.event_handler.log_command:Invoking command in '/home/ems/Documents/PSD/build/control': PYTHONPATH=/home/ems/Documents/PSD/build/control/prefix_override:/usr/lib/python3/dist-packages/colcon_core/task/python/colcon_distutils_commands:/home/ems/Documents/PSD/install/control/lib/python3.10/site-packages:${PYTHONPATH} /usr/bin/python3 -W ignore:setup.py install is deprecated -W ignore:easy_install command is deprecated setup.py develop --editable --build-directory /home/ems/Documents/PSD/build/control/build --no-deps symlink_data
[3.760s] DEBUG:colcon.colcon_core.event_handler.log_command:Invoking command in '/home/ems/Documents/PSD/build/perception': PYTHONPATH=/home/ems/Documents/PSD/build/perception/prefix_override:/usr/lib/python3/dist-packages/colcon_core/task/python/colcon_distutils_commands:/home/ems/Documents/PSD/install/perception/lib/python3.10/site-packages:${PYTHONPATH} /usr/bin/python3 -W ignore:setup.py install is deprecated -W ignore:easy_install command is deprecated setup.py develop --editable --build-directory /home/ems/Documents/PSD/build/perception/build --no-deps symlink_data
[3.763s] DEBUG:colcon.colcon_core.event_handler.log_command:Invoking command in '/home/ems/Documents/PSD/build/game_manager': PYTHONPATH=/home/ems/Documents/PSD/build/game_manager/prefix_override:/usr/lib/python3/dist-packages/colcon_core/task/python/colcon_distutils_commands:/home/ems/Documents/PSD/install/game_manager/lib/python3.10/site-packages:${PYTHONPATH} /usr/bin/python3 -W ignore:setup.py install is deprecated -W ignore:easy_install command is deprecated setup.py develop --editable --build-directory /home/ems/Documents/PSD/build/game_manager/build --no-deps symlink_data
[3.976s] DEBUG:colcon.colcon_core.event_handler.log_command:Invoked command in '/home/ems/Documents/PSD/build/gazebo_simulation' returned '0': CMAKE_PREFIX_PATH=${CMAKE_PREFIX_PATH}:/home/ems/ProiectPSD/install:/home/ems/ros2_ws/install/turtlebot3_teleop:/home/ems/ros2_ws/install/turtlebot3_example:/home/ems/ros2_ws/install/circle_drive:/opt/ros/humble /usr/bin/cmake /home/ems/Documents/PSD/ball_hitting_robot/src/gazebo_simulation -DAMENT_CMAKE_SYMLINK_INSTALL=1 -DCMAKE_INSTALL_PREFIX=/home/ems/Documents/PSD/install/gazebo_simulation
[3.980s] DEBUG:colcon.colcon_core.event_handler.log_command:Invoking command in '/home/ems/Documents/PSD/build/gazebo_simulation': CMAKE_PREFIX_PATH=${CMAKE_PREFIX_PATH}:/home/ems/ProiectPSD/install:/home/ems/ros2_ws/install/turtlebot3_teleop:/home/ems/ros2_ws/install/turtlebot3_example:/home/ems/ros2_ws/install/circle_drive:/opt/ros/humble /usr/bin/cmake --build /home/ems/Documents/PSD/build/gazebo_simulation -- -j8 -l8
[4.045s] DEBUG:colcon.colcon_core.event_handler.log_command:Invoked command in '/home/ems/Documents/PSD/build/gazebo_simulation' returned '0': CMAKE_PREFIX_PATH=${CMAKE_PREFIX_PATH}:/home/ems/ProiectPSD/install:/home/ems/ros2_ws/install/turtlebot3_teleop:/home/ems/ros2_ws/install/turtlebot3_example:/home/ems/ros2_ws/install/circle_drive:/opt/ros/humble /usr/bin/cmake --build /home/ems/Documents/PSD/build/gazebo_simulation -- -j8 -l8
[4.075s] DEBUG:colcon.colcon_core.event_handler.log_command:Invoking command in '/home/ems/Documents/PSD/build/gazebo_simulation': CMAKE_PREFIX_PATH=${CMAKE_PREFIX_PATH}:/home/ems/ProiectPSD/install:/home/ems/ros2_ws/install/turtlebot3_teleop:/home/ems/ros2_ws/install/turtlebot3_example:/home/ems/ros2_ws/install/circle_drive:/opt/ros/humble /usr/bin/cmake --install /home/ems/Documents/PSD/build/gazebo_simulation
[4.700s] Level 1:colcon.colcon_core.environment:create_environment_scripts_only(gazebo_simulation)
[4.702s] DEBUG:colcon.colcon_core.event_handler.log_command:Invoked command in '/home/ems/Documents/PSD/build/gazebo_simulation' returned '0': CMAKE_PREFIX_PATH=${CMAKE_PREFIX_PATH}:/home/ems/ProiectPSD/install:/home/ems/ros2_ws/install/turtlebot3_teleop:/home/ems/ros2_ws/install/turtlebot3_example:/home/ems/ros2_ws/install/circle_drive:/opt/ros/humble /usr/bin/cmake --install /home/ems/Documents/PSD/build/gazebo_simulation
[4.707s] Level 1:colcon.colcon_core.environment:checking '/home/ems/Documents/PSD/install/gazebo_simulation' for CMake module files
[4.708s] Level 1:colcon.colcon_core.environment:checking '/home/ems/Documents/PSD/install/gazebo_simulation' for CMake config files
[4.709s] Level 1:colcon.colcon_core.shell:create_environment_hook('gazebo_simulation', 'cmake_prefix_path')
[4.710s] INFO:colcon.colcon_core.shell:Creating environment hook '/home/ems/Documents/PSD/install/gazebo_simulation/share/gazebo_simulation/hook/cmake_prefix_path.ps1'
[4.710s] INFO:colcon.colcon_core.shell:Creating environment descriptor '/home/ems/Documents/PSD/install/gazebo_simulation/share/gazebo_simulation/hook/cmake_prefix_path.dsv'
[4.711s] INFO:colcon.colcon_core.shell:Creating environment hook '/home/ems/Documents/PSD/install/gazebo_simulation/share/gazebo_simulation/hook/cmake_prefix_path.sh'
[4.713s] Level 1:colcon.colcon_core.environment:checking '/home/ems/Documents/PSD/install/gazebo_simulation/bin'
[4.713s] Level 1:colcon.colcon_core.environment:checking '/home/ems/Documents/PSD/install/gazebo_simulation/lib/pkgconfig/gazebo_simulation.pc'
[4.713s] Level 1:colcon.colcon_core.environment:checking '/home/ems/Documents/PSD/install/gazebo_simulation/lib/python3.10/site-packages'
[4.714s] Level 1:colcon.colcon_core.environment:checking '/home/ems/Documents/PSD/install/gazebo_simulation/bin'
[4.715s] INFO:colcon.colcon_core.shell:Creating package script '/home/ems/Documents/PSD/install/gazebo_simulation/share/gazebo_simulation/package.ps1'
[4.716s] INFO:colcon.colcon_core.shell:Creating package descriptor '/home/ems/Documents/PSD/install/gazebo_simulation/share/gazebo_simulation/package.dsv'
[4.718s] INFO:colcon.colcon_core.shell:Creating package script '/home/ems/Documents/PSD/install/gazebo_simulation/share/gazebo_simulation/package.sh'
[4.721s] INFO:colcon.colcon_core.shell:Creating package script '/home/ems/Documents/PSD/install/gazebo_simulation/share/gazebo_simulation/package.bash'
[4.722s] INFO:colcon.colcon_core.shell:Creating package script '/home/ems/Documents/PSD/install/gazebo_simulation/share/gazebo_simulation/package.zsh'
[4.728s] Level 1:colcon.colcon_core.environment:create_file_with_runtime_dependencies(/home/ems/Documents/PSD/install/gazebo_simulation/share/colcon-core/packages/gazebo_simulation)
[4.731s] Level 1:colcon.colcon_core.environment:create_environment_scripts_only(gazebo_simulation)
[4.731s] Level 1:colcon.colcon_core.environment:checking '/home/ems/Documents/PSD/install/gazebo_simulation' for CMake module files
[4.732s] Level 1:colcon.colcon_core.environment:checking '/home/ems/Documents/PSD/install/gazebo_simulation' for CMake config files
[4.733s] Level 1:colcon.colcon_core.shell:create_environment_hook('gazebo_simulation', 'cmake_prefix_path')
[4.734s] INFO:colcon.colcon_core.shell:Creating environment hook '/home/ems/Documents/PSD/install/gazebo_simulation/share/gazebo_simulation/hook/cmake_prefix_path.ps1'
[4.735s] INFO:colcon.colcon_core.shell:Creating environment descriptor '/home/ems/Documents/PSD/install/gazebo_simulation/share/gazebo_simulation/hook/cmake_prefix_path.dsv'
[4.736s] INFO:colcon.colcon_core.shell:Creating environment hook '/home/ems/Documents/PSD/install/gazebo_simulation/share/gazebo_simulation/hook/cmake_prefix_path.sh'
[4.737s] Level 1:colcon.colcon_core.environment:checking '/home/ems/Documents/PSD/install/gazebo_simulation/bin'
[4.738s] Level 1:colcon.colcon_core.environment:checking '/home/ems/Documents/PSD/install/gazebo_simulation/lib/pkgconfig/gazebo_simulation.pc'
[4.738s] Level 1:colcon.colcon_core.environment:checking '/home/ems/Documents/PSD/install/gazebo_simulation/lib/python3.10/site-packages'
[4.739s] Level 1:colcon.colcon_core.environment:checking '/home/ems/Documents/PSD/install/gazebo_simulation/bin'
[4.740s] INFO:colcon.colcon_core.shell:Creating package script '/home/ems/Documents/PSD/install/gazebo_simulation/share/gazebo_simulation/package.ps1'
[4.741s] INFO:colcon.colcon_core.shell:Creating package descriptor '/home/ems/Documents/PSD/install/gazebo_simulation/share/gazebo_simulation/package.dsv'
[4.742s] INFO:colcon.colcon_core.shell:Creating package script '/home/ems/Documents/PSD/install/gazebo_simulation/share/gazebo_simulation/package.sh'
[4.743s] INFO:colcon.colcon_core.shell:Creating package script '/home/ems/Documents/PSD/install/gazebo_simulation/share/gazebo_simulation/package.bash'
[4.744s] INFO:colcon.colcon_core.shell:Creating package script '/home/ems/Documents/PSD/install/gazebo_simulation/share/gazebo_simulation/package.zsh'
[4.745s] Level 1:colcon.colcon_core.environment:create_file_with_runtime_dependencies(/home/ems/Documents/PSD/install/gazebo_simulation/share/colcon-core/packages/gazebo_simulation)
[4.927s] Level 1:colcon.colcon_core.shell:create_environment_hook('game_manager', 'pythonpath_develop')
[4.929s] INFO:colcon.colcon_core.shell:Creating environment hook '/home/ems/Documents/PSD/build/game_manager/share/game_manager/hook/pythonpath_develop.ps1'
[4.928s] DEBUG:colcon.colcon_core.event_handler.log_command:Invoked command in '/home/ems/Documents/PSD/build/game_manager' returned '0': PYTHONPATH=/home/ems/Documents/PSD/build/game_manager/prefix_override:/usr/lib/python3/dist-packages/colcon_core/task/python/colcon_distutils_commands:/home/ems/Documents/PSD/install/game_manager/lib/python3.10/site-packages:${PYTHONPATH} /usr/bin/python3 -W ignore:setup.py install is deprecated -W ignore:easy_install command is deprecated setup.py develop --editable --build-directory /home/ems/Documents/PSD/build/game_manager/build --no-deps symlink_data
[4.930s] INFO:colcon.colcon_core.shell:Creating environment descriptor '/home/ems/Documents/PSD/build/game_manager/share/game_manager/hook/pythonpath_develop.dsv'
[4.931s] INFO:colcon.colcon_core.shell:Creating environment hook '/home/ems/Documents/PSD/build/game_manager/share/game_manager/hook/pythonpath_develop.sh'
[4.933s] Level 1:colcon.colcon_core.environment:checking '/home/ems/Documents/PSD/install/game_manager' for CMake module files
[4.934s] Level 1:colcon.colcon_core.environment:checking '/home/ems/Documents/PSD/install/game_manager' for CMake config files
[4.935s] Level 1:colcon.colcon_core.environment:checking '/home/ems/Documents/PSD/install/game_manager/lib'
[4.936s] Level 1:colcon.colcon_core.environment:checking '/home/ems/Documents/PSD/install/game_manager/bin'
[4.936s] Level 1:colcon.colcon_core.shell:create_environment_hook('game_manager', 'path')
[4.937s] INFO:colcon.colcon_core.shell:Creating environment hook '/home/ems/Documents/PSD/install/game_manager/share/game_manager/hook/path.ps1'
[4.938s] INFO:colcon.colcon_core.shell:Creating environment descriptor '/home/ems/Documents/PSD/install/game_manager/share/game_manager/hook/path.dsv'
[4.938s] INFO:colcon.colcon_core.shell:Creating environment hook '/home/ems/Documents/PSD/install/game_manager/share/game_manager/hook/path.sh'
[4.939s] Level 1:colcon.colcon_core.environment:checking '/home/ems/Documents/PSD/install/game_manager/lib/pkgconfig/game_manager.pc'
[4.940s] Level 1:colcon.colcon_core.environment:checking '/home/ems/Documents/PSD/install/game_manager/lib/python3.10/site-packages'
[4.940s] Level 1:colcon.colcon_core.shell:create_environment_hook('game_manager', 'pythonpath')
[4.941s] INFO:colcon.colcon_core.shell:Creating environment hook '/home/ems/Documents/PSD/install/game_manager/share/game_manager/hook/pythonpath.ps1'
[4.941s] INFO:colcon.colcon_core.shell:Creating environment descriptor '/home/ems/Documents/PSD/install/game_manager/share/game_manager/hook/pythonpath.dsv'
[4.942s] INFO:colcon.colcon_core.shell:Creating environment hook '/home/ems/Documents/PSD/install/game_manager/share/game_manager/hook/pythonpath.sh'
[4.943s] Level 1:colcon.colcon_core.environment:checking '/home/ems/Documents/PSD/install/game_manager/bin'
[4.943s] Level 1:colcon.colcon_core.shell:create_environment_hook('game_manager', 'pythonscriptspath')
[4.944s] INFO:colcon.colcon_core.shell:Creating environment hook '/home/ems/Documents/PSD/install/game_manager/share/game_manager/hook/pythonscriptspath.ps1'
[4.945s] INFO:colcon.colcon_core.shell:Creating environment descriptor '/home/ems/Documents/PSD/install/game_manager/share/game_manager/hook/pythonscriptspath.dsv'
[4.946s] INFO:colcon.colcon_core.shell:Creating environment hook '/home/ems/Documents/PSD/install/game_manager/share/game_manager/hook/pythonscriptspath.sh'
[4.947s] Level 1:colcon.colcon_core.environment:create_environment_scripts_only(game_manager)
[4.948s] INFO:colcon.colcon_core.shell:Creating package script '/home/ems/Documents/PSD/install/game_manager/share/game_manager/package.ps1'
[4.950s] INFO:colcon.colcon_core.shell:Creating package descriptor '/home/ems/Documents/PSD/install/game_manager/share/game_manager/package.dsv'
[4.951s] INFO:colcon.colcon_core.shell:Creating package script '/home/ems/Documents/PSD/install/game_manager/share/game_manager/package.sh'
[4.952s] INFO:colcon.colcon_core.shell:Creating package script '/home/ems/Documents/PSD/install/game_manager/share/game_manager/package.bash'
[4.953s] INFO:colcon.colcon_core.shell:Creating package script '/home/ems/Documents/PSD/install/game_manager/share/game_manager/package.zsh'
[4.954s] Level 1:colcon.colcon_core.environment:create_file_with_runtime_dependencies(/home/ems/Documents/PSD/install/game_manager/share/colcon-core/packages/game_manager)
[4.958s] Level 1:colcon.colcon_core.shell:create_environment_hook('control', 'pythonpath_develop')
[4.958s] INFO:colcon.colcon_core.shell:Creating environment hook '/home/ems/Documents/PSD/build/control/share/control/hook/pythonpath_develop.ps1'
[4.960s] DEBUG:colcon.colcon_core.event_handler.log_command:Invoked command in '/home/ems/Documents/PSD/build/control' returned '0': PYTHONPATH=/home/ems/Documents/PSD/build/control/prefix_override:/usr/lib/python3/dist-packages/colcon_core/task/python/colcon_distutils_commands:/home/ems/Documents/PSD/install/control/lib/python3.10/site-packages:${PYTHONPATH} /usr/bin/python3 -W ignore:setup.py install is deprecated -W ignore:easy_install command is deprecated setup.py develop --editable --build-directory /home/ems/Documents/PSD/build/control/build --no-deps symlink_data
[4.961s] INFO:colcon.colcon_core.shell:Creating environment descriptor '/home/ems/Documents/PSD/build/control/share/control/hook/pythonpath_develop.dsv'
[4.962s] INFO:colcon.colcon_core.shell:Creating environment hook '/home/ems/Documents/PSD/build/control/share/control/hook/pythonpath_develop.sh'
[4.963s] Level 1:colcon.colcon_core.environment:checking '/home/ems/Documents/PSD/install/control' for CMake module files
[4.965s] Level 1:colcon.colcon_core.environment:checking '/home/ems/Documents/PSD/install/control' for CMake config files
[4.966s] Level 1:colcon.colcon_core.environment:checking '/home/ems/Documents/PSD/install/control/lib'
[4.967s] Level 1:colcon.colcon_core.environment:checking '/home/ems/Documents/PSD/install/control/bin'
[4.967s] Level 1:colcon.colcon_core.environment:checking '/home/ems/Documents/PSD/install/control/lib/pkgconfig/control.pc'
[4.967s] Level 1:colcon.colcon_core.environment:checking '/home/ems/Documents/PSD/install/control/lib/python3.10/site-packages'
[4.968s] Level 1:colcon.colcon_core.shell:create_environment_hook('control', 'pythonpath')
[4.968s] INFO:colcon.colcon_core.shell:Creating environment hook '/home/ems/Documents/PSD/install/control/share/control/hook/pythonpath.ps1'
[4.969s] INFO:colcon.colcon_core.shell:Creating environment descriptor '/home/ems/Documents/PSD/install/control/share/control/hook/pythonpath.dsv'
[4.970s] INFO:colcon.colcon_core.shell:Creating environment hook '/home/ems/Documents/PSD/install/control/share/control/hook/pythonpath.sh'
[4.972s] Level 1:colcon.colcon_core.environment:checking '/home/ems/Documents/PSD/install/control/bin'
[4.972s] Level 1:colcon.colcon_core.environment:create_environment_scripts_only(control)
[4.973s] INFO:colcon.colcon_core.shell:Creating package script '/home/ems/Documents/PSD/install/control/share/control/package.ps1'
[4.975s] INFO:colcon.colcon_core.shell:Creating package descriptor '/home/ems/Documents/PSD/install/control/share/control/package.dsv'
[4.976s] INFO:colcon.colcon_core.shell:Creating package script '/home/ems/Documents/PSD/install/control/share/control/package.sh'
[4.977s] INFO:colcon.colcon_core.shell:Creating package script '/home/ems/Documents/PSD/install/control/share/control/package.bash'
[4.978s] INFO:colcon.colcon_core.shell:Creating package script '/home/ems/Documents/PSD/install/control/share/control/package.zsh'
[4.979s] Level 1:colcon.colcon_core.environment:create_file_with_runtime_dependencies(/home/ems/Documents/PSD/install/control/share/colcon-core/packages/control)
[4.982s] Level 1:colcon.colcon_core.shell:create_environment_hook('perception', 'pythonpath_develop')
[4.982s] INFO:colcon.colcon_core.shell:Creating environment hook '/home/ems/Documents/PSD/build/perception/share/perception/hook/pythonpath_develop.ps1'
[4.983s] DEBUG:colcon.colcon_core.event_handler.log_command:Invoked command in '/home/ems/Documents/PSD/build/perception' returned '0': PYTHONPATH=/home/ems/Documents/PSD/build/perception/prefix_override:/usr/lib/python3/dist-packages/colcon_core/task/python/colcon_distutils_commands:/home/ems/Documents/PSD/install/perception/lib/python3.10/site-packages:${PYTHONPATH} /usr/bin/python3 -W ignore:setup.py install is deprecated -W ignore:easy_install command is deprecated setup.py develop --editable --build-directory /home/ems/Documents/PSD/build/perception/build --no-deps symlink_data
[4.984s] INFO:colcon.colcon_core.shell:Creating environment descriptor '/home/ems/Documents/PSD/build/perception/share/perception/hook/pythonpath_develop.dsv'
[4.985s] INFO:colcon.colcon_core.shell:Creating environment hook '/home/ems/Documents/PSD/build/perception/share/perception/hook/pythonpath_develop.sh'
[4.986s] Level 1:colcon.colcon_core.environment:checking '/home/ems/Documents/PSD/install/perception' for CMake module files
[4.986s] Level 1:colcon.colcon_core.environment:checking '/home/ems/Documents/PSD/install/perception' for CMake config files
[4.987s] Level 1:colcon.colcon_core.environment:checking '/home/ems/Documents/PSD/install/perception/lib'
[4.988s] Level 1:colcon.colcon_core.environment:checking '/home/ems/Documents/PSD/install/perception/bin'
[4.988s] Level 1:colcon.colcon_core.environment:checking '/home/ems/Documents/PSD/install/perception/lib/pkgconfig/perception.pc'
[4.988s] Level 1:colcon.colcon_core.environment:checking '/home/ems/Documents/PSD/install/perception/lib/python3.10/site-packages'
[4.988s] Level 1:colcon.colcon_core.shell:create_environment_hook('perception', 'pythonpath')
[4.989s] INFO:colcon.colcon_core.shell:Creating environment hook '/home/ems/Documents/PSD/install/perception/share/perception/hook/pythonpath.ps1'
[4.990s] INFO:colcon.colcon_core.shell:Creating environment descriptor '/home/ems/Documents/PSD/install/perception/share/perception/hook/pythonpath.dsv'
[4.990s] INFO:colcon.colcon_core.shell:Creating environment hook '/home/ems/Documents/PSD/install/perception/share/perception/hook/pythonpath.sh'
[4.992s] Level 1:colcon.colcon_core.environment:checking '/home/ems/Documents/PSD/install/perception/bin'
[4.992s] Level 1:colcon.colcon_core.environment:create_environment_scripts_only(perception)
[4.993s] INFO:colcon.colcon_core.shell:Creating package script '/home/ems/Documents/PSD/install/perception/share/perception/package.ps1'
[4.994s] INFO:colcon.colcon_core.shell:Creating package descriptor '/home/ems/Documents/PSD/install/perception/share/perception/package.dsv'
[4.995s] INFO:colcon.colcon_core.shell:Creating package script '/home/ems/Documents/PSD/install/perception/share/perception/package.sh'
[4.996s] INFO:colcon.colcon_core.shell:Creating package script '/home/ems/Documents/PSD/install/perception/share/perception/package.bash'
[4.997s] INFO:colcon.colcon_core.shell:Creating package script '/home/ems/Documents/PSD/install/perception/share/perception/package.zsh'
[4.998s] Level 1:colcon.colcon_core.environment:create_file_with_runtime_dependencies(/home/ems/Documents/PSD/install/perception/share/colcon-core/packages/perception)
[4.998s] DEBUG:colcon.colcon_parallel_executor.executor.parallel:closing loop
[4.999s] DEBUG:colcon.colcon_parallel_executor.executor.parallel:loop closed
[4.999s] DEBUG:colcon.colcon_parallel_executor.executor.parallel:run_until_complete finished with '0'
[4.999s] DEBUG:colcon.colcon_core.event_reactor:joining thread
[5.011s] INFO:colcon.colcon_core.plugin_system:Skipping extension 'colcon_notification.desktop_notification.terminal_notifier': Not used on non-Darwin systems
[5.011s] INFO:colcon.colcon_core.plugin_system:Skipping extension 'colcon_notification.desktop_notification.win32': Not used on non-Windows systems
[5.011s] INFO:colcon.colcon_notification.desktop_notification:Sending desktop notification using 'notify2'
[5.033s] DEBUG:colcon.colcon_core.event_reactor:joined thread
[5.034s] INFO:colcon.colcon_core.shell:Creating prefix script '/home/ems/Documents/PSD/install/local_setup.ps1'
[5.036s] INFO:colcon.colcon_core.shell:Creating prefix util module '/home/ems/Documents/PSD/install/_local_setup_util_ps1.py'
[5.039s] INFO:colcon.colcon_core.shell:Creating prefix chain script '/home/ems/Documents/PSD/install/setup.ps1'
[5.042s] INFO:colcon.colcon_core.shell:Creating prefix script '/home/ems/Documents/PSD/install/local_setup.sh'
[5.044s] INFO:colcon.colcon_core.shell:Creating prefix util module '/home/ems/Documents/PSD/install/_local_setup_util_sh.py'
[5.045s] INFO:colcon.colcon_core.shell:Creating prefix chain script '/home/ems/Documents/PSD/install/setup.sh'
[5.049s] INFO:colcon.colcon_core.shell:Creating prefix script '/home/ems/Documents/PSD/install/local_setup.bash'
[5.050s] INFO:colcon.colcon_core.shell:Creating prefix chain script '/home/ems/Documents/PSD/install/setup.bash'
[5.055s] INFO:colcon.colcon_core.shell:Creating prefix script '/home/ems/Documents/PSD/install/local_setup.zsh'
[5.056s] INFO:colcon.colcon_core.shell:Creating prefix chain script '/home/ems/Documents/PSD/install/setup.zsh'
