[0.432s] DEBUG:colcon:Command line arguments: ['/usr/bin/colcon', 'build', '--packages-select', 'gazebo_simulation']
[0.432s] DEBUG:colcon:Parsed command line arguments: Namespace(log_base=None, log_level=None, verb_name='build', build_base='build', install_base='install', merge_install=False, symlink_install=False, test_result_base=None, continue_on_error=False, executor='parallel', parallel_workers=8, event_handlers=None, ignore_user_meta=False, metas=['./colcon.meta'], base_paths=['.'], packages_ignore=None, packages_ignore_regex=None, paths=None, packages_up_to=None, packages_up_to_regex=None, packages_above=None, packages_above_and_dependencies=None, packages_above_depth=None, packages_select_by_dep=None, packages_skip_by_dep=None, packages_skip_up_to=None, packages_select_build_failed=False, packages_skip_build_finished=False, packages_select_test_failures=False, packages_skip_test_passed=False, packages_select=['gazebo_simulation'], packages_skip=None, packages_select_regex=None, packages_skip_regex=None, packages_start=None, packages_end=None, allow_overriding=[], cmake_args=None, cmake_target=None, cmake_target_skip_unavailable=False, cmake_clean_cache=False, cmake_clean_first=False, cmake_force_configure=False, ament_cmake_args=None, catkin_cmake_args=None, catkin_skip_building_tests=False, mixin_files=None, mixin=None, verb_parser=<colcon_mixin.mixin.mixin_argument.MixinArgumentDecorator object at 0x755826d80040>, verb_extension=<colcon_core.verb.build.BuildVerb object at 0x755826efd930>, main=<bound method BuildVerb.main of <colcon_core.verb.build.BuildVerb object at 0x755826efd930>>, mixin_verb=('build',))
[0.835s] Level 1:colcon.colcon_core.package_discovery:discover_packages(colcon_meta) check parameters
[0.835s] Level 1:colcon.colcon_core.package_discovery:discover_packages(recursive) check parameters
[0.835s] Level 1:colcon.colcon_core.package_discovery:discover_packages(ignore) check parameters
[0.835s] Level 1:colcon.colcon_core.package_discovery:discover_packages(path) check parameters
[0.836s] Level 1:colcon.colcon_core.package_discovery:discover_packages(colcon_meta) discover
[0.836s] Level 1:colcon.colcon_core.package_discovery:discover_packages(recursive) discover
[0.836s] INFO:colcon.colcon_core.package_discovery:Crawling recursively for packages in '/home/ems/Documents/PSD'
[0.836s] Level 1:colcon.colcon_core.package_identification:_identify(.) by extensions ['ignore', 'ignore_ament_install']
[0.836s] Level 1:colcon.colcon_core.package_identification:_identify(.) by extension 'ignore'
[0.836s] Level 1:colcon.colcon_core.package_identification:_identify(.) by extension 'ignore_ament_install'
[0.836s] Level 1:colcon.colcon_core.package_identification:_identify(.) by extensions ['colcon_pkg']
[0.836s] Level 1:colcon.colcon_core.package_identification:_identify(.) by extension 'colcon_pkg'
[0.836s] Level 1:colcon.colcon_core.package_identification:_identify(.) by extensions ['colcon_meta']
[0.836s] Level 1:colcon.colcon_core.package_identification:_identify(.) by extension 'colcon_meta'
[0.836s] Level 1:colcon.colcon_core.package_identification:_identify(.) by extensions ['ros']
[0.836s] Level 1:colcon.colcon_core.package_identification:_identify(.) by extension 'ros'
[0.853s] Level 1:colcon.colcon_core.package_identification:_identify(.) by extensions ['cmake', 'python']
[0.853s] Level 1:colcon.colcon_core.package_identification:_identify(.) by extension 'cmake'
[0.853s] Level 1:colcon.colcon_core.package_identification:_identify(.) by extension 'python'
[0.853s] Level 1:colcon.colcon_core.package_identification:_identify(.) by extensions ['python_setup_py']
[0.853s] Level 1:colcon.colcon_core.package_identification:_identify(.) by extension 'python_setup_py'
[0.854s] Level 1:colcon.colcon_core.package_identification:_identify(ball_hitting_robot) by extensions ['ignore', 'ignore_ament_install']
[0.854s] Level 1:colcon.colcon_core.package_identification:_identify(ball_hitting_robot) by extension 'ignore'
[0.854s] Level 1:colcon.colcon_core.package_identification:_identify(ball_hitting_robot) by extension 'ignore_ament_install'
[0.854s] Level 1:colcon.colcon_core.package_identification:_identify(ball_hitting_robot) by extensions ['colcon_pkg']
[0.854s] Level 1:colcon.colcon_core.package_identification:_identify(ball_hitting_robot) by extension 'colcon_pkg'
[0.854s] Level 1:colcon.colcon_core.package_identification:_identify(ball_hitting_robot) by extensions ['colcon_meta']
[0.854s] Level 1:colcon.colcon_core.package_identification:_identify(ball_hitting_robot) by extension 'colcon_meta'
[0.854s] Level 1:colcon.colcon_core.package_identification:_identify(ball_hitting_robot) by extensions ['ros']
[0.854s] Level 1:colcon.colcon_core.package_identification:_identify(ball_hitting_robot) by extension 'ros'
[0.854s] Level 1:colcon.colcon_core.package_identification:_identify(ball_hitting_robot) by extensions ['cmake', 'python']
[0.854s] Level 1:colcon.colcon_core.package_identification:_identify(ball_hitting_robot) by extension 'cmake'
[0.855s] Level 1:colcon.colcon_core.package_identification:_identify(ball_hitting_robot) by extension 'python'
[0.855s] Level 1:colcon.colcon_core.package_identification:_identify(ball_hitting_robot) by extensions ['python_setup_py']
[0.855s] Level 1:colcon.colcon_core.package_identification:_identify(ball_hitting_robot) by extension 'python_setup_py'
[0.855s] Level 1:colcon.colcon_core.package_identification:_identify(ball_hitting_robot/build) by extensions ['ignore', 'ignore_ament_install']
[0.855s] Level 1:colcon.colcon_core.package_identification:_identify(ball_hitting_robot/build) by extension 'ignore'
[0.855s] Level 1:colcon.colcon_core.package_identification:_identify(ball_hitting_robot/build) ignored
[0.855s] Level 1:colcon.colcon_core.package_identification:_identify(ball_hitting_robot/install) by extensions ['ignore', 'ignore_ament_install']
[0.855s] Level 1:colcon.colcon_core.package_identification:_identify(ball_hitting_robot/install) by extension 'ignore'
[0.855s] Level 1:colcon.colcon_core.package_identification:_identify(ball_hitting_robot/install) ignored
[0.855s] Level 1:colcon.colcon_core.package_identification:_identify(ball_hitting_robot/log) by extensions ['ignore', 'ignore_ament_install']
[0.855s] Level 1:colcon.colcon_core.package_identification:_identify(ball_hitting_robot/log) by extension 'ignore'
[0.855s] Level 1:colcon.colcon_core.package_identification:_identify(ball_hitting_robot/log) ignored
[0.856s] Level 1:colcon.colcon_core.package_identification:_identify(ball_hitting_robot/src) by extensions ['ignore', 'ignore_ament_install']
[0.856s] Level 1:colcon.colcon_core.package_identification:_identify(ball_hitting_robot/src) by extension 'ignore'
[0.856s] Level 1:colcon.colcon_core.package_identification:_identify(ball_hitting_robot/src) by extension 'ignore_ament_install'
[0.856s] Level 1:colcon.colcon_core.package_identification:_identify(ball_hitting_robot/src) by extensions ['colcon_pkg']
[0.856s] Level 1:colcon.colcon_core.package_identification:_identify(ball_hitting_robot/src) by extension 'colcon_pkg'
[0.856s] Level 1:colcon.colcon_core.package_identification:_identify(ball_hitting_robot/src) by extensions ['colcon_meta']
[0.856s] Level 1:colcon.colcon_core.package_identification:_identify(ball_hitting_robot/src) by extension 'colcon_meta'
[0.856s] Level 1:colcon.colcon_core.package_identification:_identify(ball_hitting_robot/src) by extensions ['ros']
[0.856s] Level 1:colcon.colcon_core.package_identification:_identify(ball_hitting_robot/src) by extension 'ros'
[0.856s] Level 1:colcon.colcon_core.package_identification:_identify(ball_hitting_robot/src) by extensions ['cmake', 'python']
[0.856s] Level 1:colcon.colcon_core.package_identification:_identify(ball_hitting_robot/src) by extension 'cmake'
[0.856s] Level 1:colcon.colcon_core.package_identification:_identify(ball_hitting_robot/src) by extension 'python'
[0.856s] Level 1:colcon.colcon_core.package_identification:_identify(ball_hitting_robot/src) by extensions ['python_setup_py']
[0.856s] Level 1:colcon.colcon_core.package_identification:_identify(ball_hitting_robot/src) by extension 'python_setup_py'
[0.856s] Level 1:colcon.colcon_core.package_identification:_identify(ball_hitting_robot/src/control) by extensions ['ignore', 'ignore_ament_install']
[0.857s] Level 1:colcon.colcon_core.package_identification:_identify(ball_hitting_robot/src/control) by extension 'ignore'
[0.857s] Level 1:colcon.colcon_core.package_identification:_identify(ball_hitting_robot/src/control) by extension 'ignore_ament_install'
[0.857s] Level 1:colcon.colcon_core.package_identification:_identify(ball_hitting_robot/src/control) by extensions ['colcon_pkg']
[0.857s] Level 1:colcon.colcon_core.package_identification:_identify(ball_hitting_robot/src/control) by extension 'colcon_pkg'
[0.857s] Level 1:colcon.colcon_core.package_identification:_identify(ball_hitting_robot/src/control) by extensions ['colcon_meta']
[0.857s] Level 1:colcon.colcon_core.package_identification:_identify(ball_hitting_robot/src/control) by extension 'colcon_meta'
[0.857s] Level 1:colcon.colcon_core.package_identification:_identify(ball_hitting_robot/src/control) by extensions ['ros']
[0.857s] Level 1:colcon.colcon_core.package_identification:_identify(ball_hitting_robot/src/control) by extension 'ros'
[0.861s] DEBUG:colcon.colcon_core.package_identification:Package 'ball_hitting_robot/src/control' with type 'ros.ament_python' and name 'control'
[0.862s] Level 1:colcon.colcon_core.package_identification:_identify(ball_hitting_robot/src/game_manager) by extensions ['ignore', 'ignore_ament_install']
[0.862s] Level 1:colcon.colcon_core.package_identification:_identify(ball_hitting_robot/src/game_manager) by extension 'ignore'
[0.862s] Level 1:colcon.colcon_core.package_identification:_identify(ball_hitting_robot/src/game_manager) by extension 'ignore_ament_install'
[0.862s] Level 1:colcon.colcon_core.package_identification:_identify(ball_hitting_robot/src/game_manager) by extensions ['colcon_pkg']
[0.862s] Level 1:colcon.colcon_core.package_identification:_identify(ball_hitting_robot/src/game_manager) by extension 'colcon_pkg'
[0.862s] Level 1:colcon.colcon_core.package_identification:_identify(ball_hitting_robot/src/game_manager) by extensions ['colcon_meta']
[0.862s] Level 1:colcon.colcon_core.package_identification:_identify(ball_hitting_robot/src/game_manager) by extension 'colcon_meta'
[0.862s] Level 1:colcon.colcon_core.package_identification:_identify(ball_hitting_robot/src/game_manager) by extensions ['ros']
[0.862s] Level 1:colcon.colcon_core.package_identification:_identify(ball_hitting_robot/src/game_manager) by extension 'ros'
[0.863s] DEBUG:colcon.colcon_core.package_identification:Package 'ball_hitting_robot/src/game_manager' with type 'ros.ament_python' and name 'game_manager'
[0.863s] Level 1:colcon.colcon_core.package_identification:_identify(ball_hitting_robot/src/gazebo_simulation) by extensions ['ignore', 'ignore_ament_install']
[0.864s] Level 1:colcon.colcon_core.package_identification:_identify(ball_hitting_robot/src/gazebo_simulation) by extension 'ignore'
[0.864s] Level 1:colcon.colcon_core.package_identification:_identify(ball_hitting_robot/src/gazebo_simulation) by extension 'ignore_ament_install'
[0.864s] Level 1:colcon.colcon_core.package_identification:_identify(ball_hitting_robot/src/gazebo_simulation) by extensions ['colcon_pkg']
[0.864s] Level 1:colcon.colcon_core.package_identification:_identify(ball_hitting_robot/src/gazebo_simulation) by extension 'colcon_pkg'
[0.864s] Level 1:colcon.colcon_core.package_identification:_identify(ball_hitting_robot/src/gazebo_simulation) by extensions ['colcon_meta']
[0.864s] Level 1:colcon.colcon_core.package_identification:_identify(ball_hitting_robot/src/gazebo_simulation) by extension 'colcon_meta'
[0.864s] Level 1:colcon.colcon_core.package_identification:_identify(ball_hitting_robot/src/gazebo_simulation) by extensions ['ros']
[0.864s] Level 1:colcon.colcon_core.package_identification:_identify(ball_hitting_robot/src/gazebo_simulation) by extension 'ros'
[0.865s] DEBUG:colcon.colcon_core.package_identification:Package 'ball_hitting_robot/src/gazebo_simulation' with type 'ros.ament_cmake' and name 'gazebo_simulation'
[0.865s] Level 1:colcon.colcon_core.package_identification:_identify(ball_hitting_robot/src/perception) by extensions ['ignore', 'ignore_ament_install']
[0.865s] Level 1:colcon.colcon_core.package_identification:_identify(ball_hitting_robot/src/perception) by extension 'ignore'
[0.865s] Level 1:colcon.colcon_core.package_identification:_identify(ball_hitting_robot/src/perception) by extension 'ignore_ament_install'
[0.865s] Level 1:colcon.colcon_core.package_identification:_identify(ball_hitting_robot/src/perception) by extensions ['colcon_pkg']
[0.865s] Level 1:colcon.colcon_core.package_identification:_identify(ball_hitting_robot/src/perception) by extension 'colcon_pkg'
[0.865s] Level 1:colcon.colcon_core.package_identification:_identify(ball_hitting_robot/src/perception) by extensions ['colcon_meta']
[0.865s] Level 1:colcon.colcon_core.package_identification:_identify(ball_hitting_robot/src/perception) by extension 'colcon_meta'
[0.866s] Level 1:colcon.colcon_core.package_identification:_identify(ball_hitting_robot/src/perception) by extensions ['ros']
[0.866s] Level 1:colcon.colcon_core.package_identification:_identify(ball_hitting_robot/src/perception) by extension 'ros'
[0.867s] DEBUG:colcon.colcon_core.package_identification:Package 'ball_hitting_robot/src/perception' with type 'ros.ament_python' and name 'perception'
[0.867s] Level 1:colcon.colcon_core.package_identification:_identify(build) by extensions ['ignore', 'ignore_ament_install']
[0.867s] Level 1:colcon.colcon_core.package_identification:_identify(build) by extension 'ignore'
[0.867s] Level 1:colcon.colcon_core.package_identification:_identify(build) ignored
[0.867s] Level 1:colcon.colcon_core.package_identification:_identify(install) by extensions ['ignore', 'ignore_ament_install']
[0.868s] Level 1:colcon.colcon_core.package_identification:_identify(install) by extension 'ignore'
[0.868s] Level 1:colcon.colcon_core.package_identification:_identify(install) ignored
[0.868s] Level 1:colcon.colcon_core.package_identification:_identify(log) by extensions ['ignore', 'ignore_ament_install']
[0.868s] Level 1:colcon.colcon_core.package_identification:_identify(log) by extension 'ignore'
[0.868s] Level 1:colcon.colcon_core.package_identification:_identify(log) ignored
[0.868s] Level 1:colcon.colcon_core.package_discovery:discover_packages(recursive) using defaults
[0.868s] Level 1:colcon.colcon_core.package_discovery:discover_packages(ignore) discover
[0.868s] Level 1:colcon.colcon_core.package_discovery:discover_packages(ignore) using defaults
[0.868s] Level 1:colcon.colcon_core.package_discovery:discover_packages(path) discover
[0.868s] Level 1:colcon.colcon_core.package_discovery:discover_packages(path) using defaults
[0.930s] INFO:colcon.colcon_core.package_selection:Skipping not selected package 'control' in 'ball_hitting_robot/src/control'
[0.930s] INFO:colcon.colcon_core.package_selection:Skipping not selected package 'game_manager' in 'ball_hitting_robot/src/game_manager'
[0.930s] INFO:colcon.colcon_core.package_selection:Skipping not selected package 'perception' in 'ball_hitting_robot/src/perception'
[0.931s] Level 1:colcon.colcon_core.package_discovery:discover_packages(prefix_path) check parameters
[0.931s] Level 1:colcon.colcon_core.package_discovery:discover_packages(prefix_path) discover
[0.939s] DEBUG:colcon.colcon_installed_package_information.package_discovery:Found 17 installed packages in /home/ems/ros2_ws/install
[0.943s] DEBUG:colcon.colcon_installed_package_information.package_discovery:Found 3 installed packages in /home/ems/ProiectPSD/install
[0.945s] DEBUG:colcon.colcon_installed_package_information.package_discovery:Found 333 installed packages in /opt/ros/humble
[0.947s] Level 1:colcon.colcon_core.package_discovery:discover_packages(prefix_path) using defaults
[1.043s] Level 5:colcon.colcon_core.verb:set package 'gazebo_simulation' build argument 'cmake_args' from command line to 'None'
[1.043s] Level 5:colcon.colcon_core.verb:set package 'gazebo_simulation' build argument 'cmake_target' from command line to 'None'
[1.043s] Level 5:colcon.colcon_core.verb:set package 'gazebo_simulation' build argument 'cmake_target_skip_unavailable' from command line to 'False'
[1.043s] Level 5:colcon.colcon_core.verb:set package 'gazebo_simulation' build argument 'cmake_clean_cache' from command line to 'False'
[1.043s] Level 5:colcon.colcon_core.verb:set package 'gazebo_simulation' build argument 'cmake_clean_first' from command line to 'False'
[1.043s] Level 5:colcon.colcon_core.verb:set package 'gazebo_simulation' build argument 'cmake_force_configure' from command line to 'False'
[1.043s] Level 5:colcon.colcon_core.verb:set package 'gazebo_simulation' build argument 'ament_cmake_args' from command line to 'None'
[1.043s] Level 5:colcon.colcon_core.verb:set package 'gazebo_simulation' build argument 'catkin_cmake_args' from command line to 'None'
[1.043s] Level 5:colcon.colcon_core.verb:set package 'gazebo_simulation' build argument 'catkin_skip_building_tests' from command line to 'False'
[1.043s] DEBUG:colcon.colcon_core.verb:Building package 'gazebo_simulation' with the following arguments: {'ament_cmake_args': None, 'build_base': '/home/ems/Documents/PSD/build/gazebo_simulation', 'catkin_cmake_args': None, 'catkin_skip_building_tests': False, 'cmake_args': None, 'cmake_clean_cache': False, 'cmake_clean_first': False, 'cmake_force_configure': False, 'cmake_target': None, 'cmake_target_skip_unavailable': False, 'install_base': '/home/ems/Documents/PSD/install/gazebo_simulation', 'merge_install': False, 'path': '/home/ems/Documents/PSD/ball_hitting_robot/src/gazebo_simulation', 'symlink_install': False, 'test_result_base': None}
[1.043s] INFO:colcon.colcon_core.executor:Executing jobs using 'parallel' executor
[1.045s] DEBUG:colcon.colcon_parallel_executor.executor.parallel:run_until_complete
[1.045s] INFO:colcon.colcon_ros.task.ament_cmake.build:Building ROS package in '/home/ems/Documents/PSD/ball_hitting_robot/src/gazebo_simulation' with build type 'ament_cmake'
[1.045s] INFO:colcon.colcon_cmake.task.cmake.build:Building CMake package in '/home/ems/Documents/PSD/ball_hitting_robot/src/gazebo_simulation'
[1.055s] INFO:colcon.colcon_core.plugin_system:Skipping extension 'colcon_core.shell.bat': Not used on non-Windows systems
[1.055s] INFO:colcon.colcon_core.shell:Skip shell extension 'powershell' for command environment: Not usable outside of PowerShell
[1.055s] DEBUG:colcon.colcon_core.shell:Skip shell extension 'dsv' for command environment
[1.072s] DEBUG:colcon.colcon_core.event_handler.log_command:Invoking command in '/home/ems/Documents/PSD/build/gazebo_simulation': CMAKE_PREFIX_PATH=${CMAKE_PREFIX_PATH}:/home/ems/ProiectPSD/install:/home/ems/ros2_ws/install/turtlebot3_teleop:/home/ems/ros2_ws/install/turtlebot3_example:/home/ems/ros2_ws/install/circle_drive:/opt/ros/humble /usr/bin/cmake /home/ems/Documents/PSD/ball_hitting_robot/src/gazebo_simulation -DCMAKE_INSTALL_PREFIX=/home/ems/Documents/PSD/install/gazebo_simulation
[1.491s] DEBUG:colcon.colcon_core.event_handler.log_command:Invoked command in '/home/ems/Documents/PSD/build/gazebo_simulation' returned '0': CMAKE_PREFIX_PATH=${CMAKE_PREFIX_PATH}:/home/ems/ProiectPSD/install:/home/ems/ros2_ws/install/turtlebot3_teleop:/home/ems/ros2_ws/install/turtlebot3_example:/home/ems/ros2_ws/install/circle_drive:/opt/ros/humble /usr/bin/cmake /home/ems/Documents/PSD/ball_hitting_robot/src/gazebo_simulation -DCMAKE_INSTALL_PREFIX=/home/ems/Documents/PSD/install/gazebo_simulation
[1.494s] DEBUG:colcon.colcon_core.event_handler.log_command:Invoking command in '/home/ems/Documents/PSD/build/gazebo_simulation': CMAKE_PREFIX_PATH=${CMAKE_PREFIX_PATH}:/home/ems/ProiectPSD/install:/home/ems/ros2_ws/install/turtlebot3_teleop:/home/ems/ros2_ws/install/turtlebot3_example:/home/ems/ros2_ws/install/circle_drive:/opt/ros/humble /usr/bin/cmake --build /home/ems/Documents/PSD/build/gazebo_simulation -- -j8 -l8
[1.551s] DEBUG:colcon.colcon_core.event_handler.log_command:Invoked command in '/home/ems/Documents/PSD/build/gazebo_simulation' returned '0': CMAKE_PREFIX_PATH=${CMAKE_PREFIX_PATH}:/home/ems/ProiectPSD/install:/home/ems/ros2_ws/install/turtlebot3_teleop:/home/ems/ros2_ws/install/turtlebot3_example:/home/ems/ros2_ws/install/circle_drive:/opt/ros/humble /usr/bin/cmake --build /home/ems/Documents/PSD/build/gazebo_simulation -- -j8 -l8
[1.571s] DEBUG:colcon.colcon_core.event_handler.log_command:Invoking command in '/home/ems/Documents/PSD/build/gazebo_simulation': CMAKE_PREFIX_PATH=${CMAKE_PREFIX_PATH}:/home/ems/ProiectPSD/install:/home/ems/ros2_ws/install/turtlebot3_teleop:/home/ems/ros2_ws/install/turtlebot3_example:/home/ems/ros2_ws/install/circle_drive:/opt/ros/humble /usr/bin/cmake --install /home/ems/Documents/PSD/build/gazebo_simulation
[1.612s] Level 1:colcon.colcon_core.environment:create_environment_scripts_only(gazebo_simulation)
[1.613s] DEBUG:colcon.colcon_core.event_handler.log_command:Invoked command in '/home/ems/Documents/PSD/build/gazebo_simulation' returned '0': CMAKE_PREFIX_PATH=${CMAKE_PREFIX_PATH}:/home/ems/ProiectPSD/install:/home/ems/ros2_ws/install/turtlebot3_teleop:/home/ems/ros2_ws/install/turtlebot3_example:/home/ems/ros2_ws/install/circle_drive:/opt/ros/humble /usr/bin/cmake --install /home/ems/Documents/PSD/build/gazebo_simulation
[1.627s] Level 1:colcon.colcon_core.environment:checking '/home/ems/Documents/PSD/install/gazebo_simulation' for CMake module files
[1.629s] Level 1:colcon.colcon_core.environment:checking '/home/ems/Documents/PSD/install/gazebo_simulation' for CMake config files
[1.629s] Level 1:colcon.colcon_core.shell:create_environment_hook('gazebo_simulation', 'cmake_prefix_path')
[1.630s] INFO:colcon.colcon_core.shell:Creating environment hook '/home/ems/Documents/PSD/install/gazebo_simulation/share/gazebo_simulation/hook/cmake_prefix_path.ps1'
[1.631s] INFO:colcon.colcon_core.shell:Creating environment descriptor '/home/ems/Documents/PSD/install/gazebo_simulation/share/gazebo_simulation/hook/cmake_prefix_path.dsv'
[1.632s] INFO:colcon.colcon_core.shell:Creating environment hook '/home/ems/Documents/PSD/install/gazebo_simulation/share/gazebo_simulation/hook/cmake_prefix_path.sh'
[1.633s] Level 1:colcon.colcon_core.environment:checking '/home/ems/Documents/PSD/install/gazebo_simulation/bin'
[1.634s] Level 1:colcon.colcon_core.environment:checking '/home/ems/Documents/PSD/install/gazebo_simulation/lib/pkgconfig/gazebo_simulation.pc'
[1.634s] Level 1:colcon.colcon_core.environment:checking '/home/ems/Documents/PSD/install/gazebo_simulation/lib/python3.10/site-packages'
[1.634s] Level 1:colcon.colcon_core.environment:checking '/home/ems/Documents/PSD/install/gazebo_simulation/bin'
[1.635s] INFO:colcon.colcon_core.shell:Creating package script '/home/ems/Documents/PSD/install/gazebo_simulation/share/gazebo_simulation/package.ps1'
[1.638s] INFO:colcon.colcon_core.shell:Creating package descriptor '/home/ems/Documents/PSD/install/gazebo_simulation/share/gazebo_simulation/package.dsv'
[1.641s] INFO:colcon.colcon_core.shell:Creating package script '/home/ems/Documents/PSD/install/gazebo_simulation/share/gazebo_simulation/package.sh'
[1.643s] INFO:colcon.colcon_core.shell:Creating package script '/home/ems/Documents/PSD/install/gazebo_simulation/share/gazebo_simulation/package.bash'
[1.644s] INFO:colcon.colcon_core.shell:Creating package script '/home/ems/Documents/PSD/install/gazebo_simulation/share/gazebo_simulation/package.zsh'
[1.646s] Level 1:colcon.colcon_core.environment:create_file_with_runtime_dependencies(/home/ems/Documents/PSD/install/gazebo_simulation/share/colcon-core/packages/gazebo_simulation)
[1.647s] Level 1:colcon.colcon_core.environment:create_environment_scripts_only(gazebo_simulation)
[1.647s] Level 1:colcon.colcon_core.environment:checking '/home/ems/Documents/PSD/install/gazebo_simulation' for CMake module files
[1.648s] Level 1:colcon.colcon_core.environment:checking '/home/ems/Documents/PSD/install/gazebo_simulation' for CMake config files
[1.649s] Level 1:colcon.colcon_core.shell:create_environment_hook('gazebo_simulation', 'cmake_prefix_path')
[1.650s] INFO:colcon.colcon_core.shell:Creating environment hook '/home/ems/Documents/PSD/install/gazebo_simulation/share/gazebo_simulation/hook/cmake_prefix_path.ps1'
[1.651s] INFO:colcon.colcon_core.shell:Creating environment descriptor '/home/ems/Documents/PSD/install/gazebo_simulation/share/gazebo_simulation/hook/cmake_prefix_path.dsv'
[1.652s] INFO:colcon.colcon_core.shell:Creating environment hook '/home/ems/Documents/PSD/install/gazebo_simulation/share/gazebo_simulation/hook/cmake_prefix_path.sh'
[1.653s] Level 1:colcon.colcon_core.environment:checking '/home/ems/Documents/PSD/install/gazebo_simulation/bin'
[1.653s] Level 1:colcon.colcon_core.environment:checking '/home/ems/Documents/PSD/install/gazebo_simulation/lib/pkgconfig/gazebo_simulation.pc'
[1.653s] Level 1:colcon.colcon_core.environment:checking '/home/ems/Documents/PSD/install/gazebo_simulation/lib/python3.10/site-packages'
[1.654s] Level 1:colcon.colcon_core.environment:checking '/home/ems/Documents/PSD/install/gazebo_simulation/bin'
[1.655s] INFO:colcon.colcon_core.shell:Creating package script '/home/ems/Documents/PSD/install/gazebo_simulation/share/gazebo_simulation/package.ps1'
[1.656s] INFO:colcon.colcon_core.shell:Creating package descriptor '/home/ems/Documents/PSD/install/gazebo_simulation/share/gazebo_simulation/package.dsv'
[1.657s] INFO:colcon.colcon_core.shell:Creating package script '/home/ems/Documents/PSD/install/gazebo_simulation/share/gazebo_simulation/package.sh'
[1.658s] INFO:colcon.colcon_core.shell:Creating package script '/home/ems/Documents/PSD/install/gazebo_simulation/share/gazebo_simulation/package.bash'
[1.659s] INFO:colcon.colcon_core.shell:Creating package script '/home/ems/Documents/PSD/install/gazebo_simulation/share/gazebo_simulation/package.zsh'
[1.659s] Level 1:colcon.colcon_core.environment:create_file_with_runtime_dependencies(/home/ems/Documents/PSD/install/gazebo_simulation/share/colcon-core/packages/gazebo_simulation)
[1.660s] DEBUG:colcon.colcon_parallel_executor.executor.parallel:closing loop
[1.660s] DEBUG:colcon.colcon_parallel_executor.executor.parallel:loop closed
[1.660s] DEBUG:colcon.colcon_parallel_executor.executor.parallel:run_until_complete finished with '0'
[1.661s] DEBUG:colcon.colcon_core.event_reactor:joining thread
[1.677s] INFO:colcon.colcon_core.plugin_system:Skipping extension 'colcon_notification.desktop_notification.terminal_notifier': Not used on non-Darwin systems
[1.677s] INFO:colcon.colcon_core.plugin_system:Skipping extension 'colcon_notification.desktop_notification.win32': Not used on non-Windows systems
[1.677s] INFO:colcon.colcon_notification.desktop_notification:Sending desktop notification using 'notify2'
[1.694s] DEBUG:colcon.colcon_core.event_reactor:joined thread
[1.695s] INFO:colcon.colcon_core.shell:Creating prefix script '/home/ems/Documents/PSD/install/local_setup.ps1'
[1.697s] INFO:colcon.colcon_core.shell:Creating prefix util module '/home/ems/Documents/PSD/install/_local_setup_util_ps1.py'
[1.699s] INFO:colcon.colcon_core.shell:Creating prefix chain script '/home/ems/Documents/PSD/install/setup.ps1'
[1.704s] INFO:colcon.colcon_core.shell:Creating prefix script '/home/ems/Documents/PSD/install/local_setup.sh'
[1.705s] INFO:colcon.colcon_core.shell:Creating prefix util module '/home/ems/Documents/PSD/install/_local_setup_util_sh.py'
[1.706s] INFO:colcon.colcon_core.shell:Creating prefix chain script '/home/ems/Documents/PSD/install/setup.sh'
[1.709s] INFO:colcon.colcon_core.shell:Creating prefix script '/home/ems/Documents/PSD/install/local_setup.bash'
[1.710s] INFO:colcon.colcon_core.shell:Creating prefix chain script '/home/ems/Documents/PSD/install/setup.bash'
[1.714s] INFO:colcon.colcon_core.shell:Creating prefix script '/home/ems/Documents/PSD/install/local_setup.zsh'
[1.715s] INFO:colcon.colcon_core.shell:Creating prefix chain script '/home/ems/Documents/PSD/install/setup.zsh'
