running develop
running egg_info
creating control.egg-info
writing control.egg-info/PKG-INFO
writing dependency_links to control.egg-info/dependency_links.txt
writing entry points to control.egg-info/entry_points.txt
writing requirements to control.egg-info/requires.txt
writing top-level names to control.egg-info/top_level.txt
writing manifest file 'control.egg-info/SOURCES.txt'
reading manifest file 'control.egg-info/SOURCES.txt'
writing manifest file 'control.egg-info/SOURCES.txt'
running build_ext
Creating /home/ems/Documents/PSD/install/control/lib/python3.10/site-packages/control.egg-link (link to .)
Installing ball_controller script to /home/ems/Documents/PSD/install/control/lib/control
Installing ball_perceptor script to /home/ems/Documents/PSD/install/control/lib/control
Installing fake_ball_publisher script to /home/ems/Documents/PSD/install/control/lib/control

Installed /home/ems/Documents/PSD/build/control
running symlink_data
creating /home/ems/Documents/PSD/install/control/share/ament_index
creating /home/ems/Documents/PSD/install/control/share/ament_index/resource_index
creating /home/ems/Documents/PSD/install/control/share/ament_index/resource_index/packages
symbolically linking /home/ems/Documents/PSD/build/control/resource/control -> /home/ems/Documents/PSD/install/control/share/ament_index/resource_index/packages
symbolically linking /home/ems/Documents/PSD/build/control/package.xml -> /home/ems/Documents/PSD/install/control/share/control
creating /home/ems/Documents/PSD/install/control/share/control/launch
symbolically linking /home/ems/Documents/PSD/build/control/launch/start_full_simulation.launch.py -> /home/ems/Documents/PSD/install/control/share/control/launch
symbolically linking /home/ems/Documents/PSD/build/control/launch/sim.launch.py -> /home/ems/Documents/PSD/install/control/share/control/launch
creating /home/ems/Documents/PSD/install/control/share/control/urdf
creating /home/ems/Documents/PSD/install/control/share/control/worlds
symbolically linking /home/ems/Documents/PSD/build/control/worlds/my_hitting_arena.world -> /home/ems/Documents/PSD/install/control/share/control/worlds
