[2.929s] Invoking command in '/home/ems/Documents/PSD/build/control': PYTHONPATH=/home/ems/Documents/PSD/build/control/prefix_override:/usr/lib/python3/dist-packages/colcon_core/task/python/colcon_distutils_commands:/home/ems/Documents/PSD/install/control/lib/python3.10/site-packages:${PYTHONPATH} /usr/bin/python3 -W ignore:setup.py install is deprecated -W ignore:easy_install command is deprecated setup.py develop --editable --build-directory /home/ems/Documents/PSD/build/control/build --no-deps symlink_data
[3.586s] running develop
[4.007s] running egg_info
[4.008s] creating control.egg-info
[4.008s] writing control.egg-info/PKG-INFO
[4.008s] writing dependency_links to control.egg-info/dependency_links.txt
[4.008s] writing entry points to control.egg-info/entry_points.txt
[4.008s] writing requirements to control.egg-info/requires.txt
[4.008s] writing top-level names to control.egg-info/top_level.txt
[4.009s] writing manifest file 'control.egg-info/SOURCES.txt'
[4.013s] reading manifest file 'control.egg-info/SOURCES.txt'
[4.015s] writing manifest file 'control.egg-info/SOURCES.txt'
[4.022s] running build_ext
[4.022s] Creating /home/ems/Documents/PSD/install/control/lib/python3.10/site-packages/control.egg-link (link to .)
[4.025s] Installing ball_controller script to /home/ems/Documents/PSD/install/control/lib/control
[4.026s] Installing ball_perceptor script to /home/ems/Documents/PSD/install/control/lib/control
[4.027s] Installing fake_ball_publisher script to /home/ems/Documents/PSD/install/control/lib/control
[4.031s] 
[4.032s] Installed /home/ems/Documents/PSD/build/control
[4.032s] running symlink_data
[4.032s] creating /home/ems/Documents/PSD/install/control/share/ament_index
[4.032s] creating /home/ems/Documents/PSD/install/control/share/ament_index/resource_index
[4.032s] creating /home/ems/Documents/PSD/install/control/share/ament_index/resource_index/packages
[4.033s] symbolically linking /home/ems/Documents/PSD/build/control/resource/control -> /home/ems/Documents/PSD/install/control/share/ament_index/resource_index/packages
[4.033s] symbolically linking /home/ems/Documents/PSD/build/control/package.xml -> /home/ems/Documents/PSD/install/control/share/control
[4.033s] creating /home/ems/Documents/PSD/install/control/share/control/launch
[4.033s] symbolically linking /home/ems/Documents/PSD/build/control/launch/start_full_simulation.launch.py -> /home/ems/Documents/PSD/install/control/share/control/launch
[4.033s] symbolically linking /home/ems/Documents/PSD/build/control/launch/sim.launch.py -> /home/ems/Documents/PSD/install/control/share/control/launch
[4.033s] creating /home/ems/Documents/PSD/install/control/share/control/urdf
[4.033s] creating /home/ems/Documents/PSD/install/control/share/control/worlds
[4.033s] symbolically linking /home/ems/Documents/PSD/build/control/worlds/my_hitting_arena.world -> /home/ems/Documents/PSD/install/control/share/control/worlds
[4.137s] Invoked command in '/home/ems/Documents/PSD/build/control' returned '0': PYTHONPATH=/home/ems/Documents/PSD/build/control/prefix_override:/usr/lib/python3/dist-packages/colcon_core/task/python/colcon_distutils_commands:/home/ems/Documents/PSD/install/control/lib/python3.10/site-packages:${PYTHONPATH} /usr/bin/python3 -W ignore:setup.py install is deprecated -W ignore:easy_install command is deprecated setup.py develop --editable --build-directory /home/ems/Documents/PSD/build/control/build --no-deps symlink_data
