[0.290s] DEBUG:colcon:Command line arguments: ['/usr/bin/colcon', 'build', '--packages-select', 'gazebo_simulation', 'control', 'perception', '--symlink-install']
[0.290s] DEBUG:colcon:Parsed command line arguments: Namespace(log_base=None, log_level=None, verb_name='build', build_base='build', install_base='install', merge_install=False, symlink_install=True, test_result_base=None, continue_on_error=False, executor='parallel', parallel_workers=8, event_handlers=None, ignore_user_meta=False, metas=['./colcon.meta'], base_paths=['.'], packages_ignore=None, packages_ignore_regex=None, paths=None, packages_up_to=None, packages_up_to_regex=None, packages_above=None, packages_above_and_dependencies=None, packages_above_depth=None, packages_select_by_dep=None, packages_skip_by_dep=None, packages_skip_up_to=None, packages_select_build_failed=False, packages_skip_build_finished=False, packages_select_test_failures=False, packages_skip_test_passed=False, packages_select=['gazebo_simulation', 'control', 'perception'], packages_skip=None, packages_select_regex=None, packages_skip_regex=None, packages_start=None, packages_end=None, allow_overriding=[], cmake_args=None, cmake_target=None, cmake_target_skip_unavailable=False, cmake_clean_cache=False, cmake_clean_first=False, cmake_force_configure=False, ament_cmake_args=None, catkin_cmake_args=None, catkin_skip_building_tests=False, mixin_files=None, mixin=None, verb_parser=<colcon_mixin.mixin.mixin_argument.MixinArgumentDecorator object at 0x70259d890040>, verb_extension=<colcon_core.verb.build.BuildVerb object at 0x70259d80d900>, main=<bound method BuildVerb.main of <colcon_core.verb.build.BuildVerb object at 0x70259d80d900>>, mixin_verb=('build',))
[0.749s] Level 1:colcon.colcon_core.package_discovery:discover_packages(colcon_meta) check parameters
[0.750s] Level 1:colcon.colcon_core.package_discovery:discover_packages(recursive) check parameters
[0.750s] Level 1:colcon.colcon_core.package_discovery:discover_packages(ignore) check parameters
[0.750s] Level 1:colcon.colcon_core.package_discovery:discover_packages(path) check parameters
[0.750s] Level 1:colcon.colcon_core.package_discovery:discover_packages(colcon_meta) discover
[0.750s] Level 1:colcon.colcon_core.package_discovery:discover_packages(recursive) discover
[0.750s] INFO:colcon.colcon_core.package_discovery:Crawling recursively for packages in '/home/ems/Documents/PSD'
[0.750s] Level 1:colcon.colcon_core.package_identification:_identify(.) by extensions ['ignore', 'ignore_ament_install']
[0.750s] Level 1:colcon.colcon_core.package_identification:_identify(.) by extension 'ignore'
[0.751s] Level 1:colcon.colcon_core.package_identification:_identify(.) by extension 'ignore_ament_install'
[0.751s] Level 1:colcon.colcon_core.package_identification:_identify(.) by extensions ['colcon_pkg']
[0.751s] Level 1:colcon.colcon_core.package_identification:_identify(.) by extension 'colcon_pkg'
[0.751s] Level 1:colcon.colcon_core.package_identification:_identify(.) by extensions ['colcon_meta']
[0.751s] Level 1:colcon.colcon_core.package_identification:_identify(.) by extension 'colcon_meta'
[0.751s] Level 1:colcon.colcon_core.package_identification:_identify(.) by extensions ['ros']
[0.751s] Level 1:colcon.colcon_core.package_identification:_identify(.) by extension 'ros'
[0.777s] Level 1:colcon.colcon_core.package_identification:_identify(.) by extensions ['cmake', 'python']
[0.777s] Level 1:colcon.colcon_core.package_identification:_identify(.) by extension 'cmake'
[0.777s] Level 1:colcon.colcon_core.package_identification:_identify(.) by extension 'python'
[0.777s] Level 1:colcon.colcon_core.package_identification:_identify(.) by extensions ['python_setup_py']
[0.777s] Level 1:colcon.colcon_core.package_identification:_identify(.) by extension 'python_setup_py'
[0.778s] Level 1:colcon.colcon_core.package_identification:_identify(ball_hitting_robot) by extensions ['ignore', 'ignore_ament_install']
[0.778s] Level 1:colcon.colcon_core.package_identification:_identify(ball_hitting_robot) by extension 'ignore'
[0.778s] Level 1:colcon.colcon_core.package_identification:_identify(ball_hitting_robot) by extension 'ignore_ament_install'
[0.778s] Level 1:colcon.colcon_core.package_identification:_identify(ball_hitting_robot) by extensions ['colcon_pkg']
[0.778s] Level 1:colcon.colcon_core.package_identification:_identify(ball_hitting_robot) by extension 'colcon_pkg'
[0.778s] Level 1:colcon.colcon_core.package_identification:_identify(ball_hitting_robot) by extensions ['colcon_meta']
[0.778s] Level 1:colcon.colcon_core.package_identification:_identify(ball_hitting_robot) by extension 'colcon_meta'
[0.778s] Level 1:colcon.colcon_core.package_identification:_identify(ball_hitting_robot) by extensions ['ros']
[0.779s] Level 1:colcon.colcon_core.package_identification:_identify(ball_hitting_robot) by extension 'ros'
[0.779s] Level 1:colcon.colcon_core.package_identification:_identify(ball_hitting_robot) by extensions ['cmake', 'python']
[0.779s] Level 1:colcon.colcon_core.package_identification:_identify(ball_hitting_robot) by extension 'cmake'
[0.779s] Level 1:colcon.colcon_core.package_identification:_identify(ball_hitting_robot) by extension 'python'
[0.779s] Level 1:colcon.colcon_core.package_identification:_identify(ball_hitting_robot) by extensions ['python_setup_py']
[0.779s] Level 1:colcon.colcon_core.package_identification:_identify(ball_hitting_robot) by extension 'python_setup_py'
[0.780s] Level 1:colcon.colcon_core.package_identification:_identify(ball_hitting_robot/build) by extensions ['ignore', 'ignore_ament_install']
[0.780s] Level 1:colcon.colcon_core.package_identification:_identify(ball_hitting_robot/build) by extension 'ignore'
[0.780s] Level 1:colcon.colcon_core.package_identification:_identify(ball_hitting_robot/build) ignored
[0.780s] Level 1:colcon.colcon_core.package_identification:_identify(ball_hitting_robot/install) by extensions ['ignore', 'ignore_ament_install']
[0.781s] Level 1:colcon.colcon_core.package_identification:_identify(ball_hitting_robot/install) by extension 'ignore'
[0.781s] Level 1:colcon.colcon_core.package_identification:_identify(ball_hitting_robot/install) ignored
[0.781s] Level 1:colcon.colcon_core.package_identification:_identify(ball_hitting_robot/log) by extensions ['ignore', 'ignore_ament_install']
[0.781s] Level 1:colcon.colcon_core.package_identification:_identify(ball_hitting_robot/log) by extension 'ignore'
[0.781s] Level 1:colcon.colcon_core.package_identification:_identify(ball_hitting_robot/log) ignored
[0.782s] Level 1:colcon.colcon_core.package_identification:_identify(ball_hitting_robot/src) by extensions ['ignore', 'ignore_ament_install']
[0.782s] Level 1:colcon.colcon_core.package_identification:_identify(ball_hitting_robot/src) by extension 'ignore'
[0.782s] Level 1:colcon.colcon_core.package_identification:_identify(ball_hitting_robot/src) by extension 'ignore_ament_install'
[0.782s] Level 1:colcon.colcon_core.package_identification:_identify(ball_hitting_robot/src) by extensions ['colcon_pkg']
[0.782s] Level 1:colcon.colcon_core.package_identification:_identify(ball_hitting_robot/src) by extension 'colcon_pkg'
[0.782s] Level 1:colcon.colcon_core.package_identification:_identify(ball_hitting_robot/src) by extensions ['colcon_meta']
[0.782s] Level 1:colcon.colcon_core.package_identification:_identify(ball_hitting_robot/src) by extension 'colcon_meta'
[0.782s] Level 1:colcon.colcon_core.package_identification:_identify(ball_hitting_robot/src) by extensions ['ros']
[0.783s] Level 1:colcon.colcon_core.package_identification:_identify(ball_hitting_robot/src) by extension 'ros'
[0.783s] Level 1:colcon.colcon_core.package_identification:_identify(ball_hitting_robot/src) by extensions ['cmake', 'python']
[0.783s] Level 1:colcon.colcon_core.package_identification:_identify(ball_hitting_robot/src) by extension 'cmake'
[0.783s] Level 1:colcon.colcon_core.package_identification:_identify(ball_hitting_robot/src) by extension 'python'
[0.783s] Level 1:colcon.colcon_core.package_identification:_identify(ball_hitting_robot/src) by extensions ['python_setup_py']
[0.783s] Level 1:colcon.colcon_core.package_identification:_identify(ball_hitting_robot/src) by extension 'python_setup_py'
[0.783s] Level 1:colcon.colcon_core.package_identification:_identify(ball_hitting_robot/src/control) by extensions ['ignore', 'ignore_ament_install']
[0.784s] Level 1:colcon.colcon_core.package_identification:_identify(ball_hitting_robot/src/control) by extension 'ignore'
[0.784s] Level 1:colcon.colcon_core.package_identification:_identify(ball_hitting_robot/src/control) by extension 'ignore_ament_install'
[0.784s] Level 1:colcon.colcon_core.package_identification:_identify(ball_hitting_robot/src/control) by extensions ['colcon_pkg']
[0.784s] Level 1:colcon.colcon_core.package_identification:_identify(ball_hitting_robot/src/control) by extension 'colcon_pkg'
[0.784s] Level 1:colcon.colcon_core.package_identification:_identify(ball_hitting_robot/src/control) by extensions ['colcon_meta']
[0.784s] Level 1:colcon.colcon_core.package_identification:_identify(ball_hitting_robot/src/control) by extension 'colcon_meta'
[0.784s] Level 1:colcon.colcon_core.package_identification:_identify(ball_hitting_robot/src/control) by extensions ['ros']
[0.784s] Level 1:colcon.colcon_core.package_identification:_identify(ball_hitting_robot/src/control) by extension 'ros'
[0.791s] DEBUG:colcon.colcon_core.package_identification:Package 'ball_hitting_robot/src/control' with type 'ros.ament_python' and name 'control'
[0.791s] Level 1:colcon.colcon_core.package_identification:_identify(ball_hitting_robot/src/game_manager) by extensions ['ignore', 'ignore_ament_install']
[0.791s] Level 1:colcon.colcon_core.package_identification:_identify(ball_hitting_robot/src/game_manager) by extension 'ignore'
[0.792s] Level 1:colcon.colcon_core.package_identification:_identify(ball_hitting_robot/src/game_manager) by extension 'ignore_ament_install'
[0.792s] Level 1:colcon.colcon_core.package_identification:_identify(ball_hitting_robot/src/game_manager) by extensions ['colcon_pkg']
[0.792s] Level 1:colcon.colcon_core.package_identification:_identify(ball_hitting_robot/src/game_manager) by extension 'colcon_pkg'
[0.792s] Level 1:colcon.colcon_core.package_identification:_identify(ball_hitting_robot/src/game_manager) by extensions ['colcon_meta']
[0.792s] Level 1:colcon.colcon_core.package_identification:_identify(ball_hitting_robot/src/game_manager) by extension 'colcon_meta'
[0.792s] Level 1:colcon.colcon_core.package_identification:_identify(ball_hitting_robot/src/game_manager) by extensions ['ros']
[0.792s] Level 1:colcon.colcon_core.package_identification:_identify(ball_hitting_robot/src/game_manager) by extension 'ros'
[0.794s] DEBUG:colcon.colcon_core.package_identification:Package 'ball_hitting_robot/src/game_manager' with type 'ros.ament_python' and name 'game_manager'
[0.795s] Level 1:colcon.colcon_core.package_identification:_identify(ball_hitting_robot/src/gazebo_simulation) by extensions ['ignore', 'ignore_ament_install']
[0.795s] Level 1:colcon.colcon_core.package_identification:_identify(ball_hitting_robot/src/gazebo_simulation) by extension 'ignore'
[0.795s] Level 1:colcon.colcon_core.package_identification:_identify(ball_hitting_robot/src/gazebo_simulation) by extension 'ignore_ament_install'
[0.795s] Level 1:colcon.colcon_core.package_identification:_identify(ball_hitting_robot/src/gazebo_simulation) by extensions ['colcon_pkg']
[0.795s] Level 1:colcon.colcon_core.package_identification:_identify(ball_hitting_robot/src/gazebo_simulation) by extension 'colcon_pkg'
[0.796s] Level 1:colcon.colcon_core.package_identification:_identify(ball_hitting_robot/src/gazebo_simulation) by extensions ['colcon_meta']
[0.796s] Level 1:colcon.colcon_core.package_identification:_identify(ball_hitting_robot/src/gazebo_simulation) by extension 'colcon_meta'
[0.796s] Level 1:colcon.colcon_core.package_identification:_identify(ball_hitting_robot/src/gazebo_simulation) by extensions ['ros']
[0.796s] Level 1:colcon.colcon_core.package_identification:_identify(ball_hitting_robot/src/gazebo_simulation) by extension 'ros'
[0.797s] DEBUG:colcon.colcon_core.package_identification:Package 'ball_hitting_robot/src/gazebo_simulation' with type 'ros.ament_cmake' and name 'gazebo_simulation'
[0.798s] Level 1:colcon.colcon_core.package_identification:_identify(ball_hitting_robot/src/perception) by extensions ['ignore', 'ignore_ament_install']
[0.798s] Level 1:colcon.colcon_core.package_identification:_identify(ball_hitting_robot/src/perception) by extension 'ignore'
[0.798s] Level 1:colcon.colcon_core.package_identification:_identify(ball_hitting_robot/src/perception) by extension 'ignore_ament_install'
[0.798s] Level 1:colcon.colcon_core.package_identification:_identify(ball_hitting_robot/src/perception) by extensions ['colcon_pkg']
[0.798s] Level 1:colcon.colcon_core.package_identification:_identify(ball_hitting_robot/src/perception) by extension 'colcon_pkg'
[0.798s] Level 1:colcon.colcon_core.package_identification:_identify(ball_hitting_robot/src/perception) by extensions ['colcon_meta']
[0.798s] Level 1:colcon.colcon_core.package_identification:_identify(ball_hitting_robot/src/perception) by extension 'colcon_meta'
[0.799s] Level 1:colcon.colcon_core.package_identification:_identify(ball_hitting_robot/src/perception) by extensions ['ros']
[0.799s] Level 1:colcon.colcon_core.package_identification:_identify(ball_hitting_robot/src/perception) by extension 'ros'
[0.801s] DEBUG:colcon.colcon_core.package_identification:Package 'ball_hitting_robot/src/perception' with type 'ros.ament_python' and name 'perception'
[0.801s] Level 1:colcon.colcon_core.package_identification:_identify(build) by extensions ['ignore', 'ignore_ament_install']
[0.802s] Level 1:colcon.colcon_core.package_identification:_identify(build) by extension 'ignore'
[0.802s] Level 1:colcon.colcon_core.package_identification:_identify(build) ignored
[0.802s] Level 1:colcon.colcon_core.package_identification:_identify(install) by extensions ['ignore', 'ignore_ament_install']
[0.802s] Level 1:colcon.colcon_core.package_identification:_identify(install) by extension 'ignore'
[0.802s] Level 1:colcon.colcon_core.package_identification:_identify(install) ignored
[0.802s] Level 1:colcon.colcon_core.package_identification:_identify(log) by extensions ['ignore', 'ignore_ament_install']
[0.803s] Level 1:colcon.colcon_core.package_identification:_identify(log) by extension 'ignore'
[0.803s] Level 1:colcon.colcon_core.package_identification:_identify(log) ignored
[0.803s] Level 1:colcon.colcon_core.package_discovery:discover_packages(recursive) using defaults
[0.803s] Level 1:colcon.colcon_core.package_discovery:discover_packages(ignore) discover
[0.803s] Level 1:colcon.colcon_core.package_discovery:discover_packages(ignore) using defaults
[0.803s] Level 1:colcon.colcon_core.package_discovery:discover_packages(path) discover
[0.803s] Level 1:colcon.colcon_core.package_discovery:discover_packages(path) using defaults
[0.876s] INFO:colcon.colcon_core.package_selection:Skipping not selected package 'game_manager' in 'ball_hitting_robot/src/game_manager'
[0.877s] Level 1:colcon.colcon_core.package_discovery:discover_packages(prefix_path) check parameters
[0.877s] Level 1:colcon.colcon_core.package_discovery:discover_packages(prefix_path) discover
[0.885s] DEBUG:colcon.colcon_installed_package_information.package_discovery:Found 17 installed packages in /home/ems/ros2_ws/install
[0.886s] DEBUG:colcon.colcon_installed_package_information.package_discovery:Found 3 installed packages in /home/ems/ProiectPSD/install
[0.890s] DEBUG:colcon.colcon_installed_package_information.package_discovery:Found 333 installed packages in /opt/ros/humble
[0.895s] Level 1:colcon.colcon_core.package_discovery:discover_packages(prefix_path) using defaults
[1.020s] Level 5:colcon.colcon_core.verb:set package 'control' build argument 'cmake_args' from command line to 'None'
[1.020s] Level 5:colcon.colcon_core.verb:set package 'control' build argument 'cmake_target' from command line to 'None'
[1.020s] Level 5:colcon.colcon_core.verb:set package 'control' build argument 'cmake_target_skip_unavailable' from command line to 'False'
[1.020s] Level 5:colcon.colcon_core.verb:set package 'control' build argument 'cmake_clean_cache' from command line to 'False'
[1.020s] Level 5:colcon.colcon_core.verb:set package 'control' build argument 'cmake_clean_first' from command line to 'False'
[1.020s] Level 5:colcon.colcon_core.verb:set package 'control' build argument 'cmake_force_configure' from command line to 'False'
[1.020s] Level 5:colcon.colcon_core.verb:set package 'control' build argument 'ament_cmake_args' from command line to 'None'
[1.020s] Level 5:colcon.colcon_core.verb:set package 'control' build argument 'catkin_cmake_args' from command line to 'None'
[1.020s] Level 5:colcon.colcon_core.verb:set package 'control' build argument 'catkin_skip_building_tests' from command line to 'False'
[1.020s] DEBUG:colcon.colcon_core.verb:Building package 'control' with the following arguments: {'ament_cmake_args': None, 'build_base': '/home/ems/Documents/PSD/build/control', 'catkin_cmake_args': None, 'catkin_skip_building_tests': False, 'cmake_args': None, 'cmake_clean_cache': False, 'cmake_clean_first': False, 'cmake_force_configure': False, 'cmake_target': None, 'cmake_target_skip_unavailable': False, 'install_base': '/home/ems/Documents/PSD/install/control', 'merge_install': False, 'path': '/home/ems/Documents/PSD/ball_hitting_robot/src/control', 'symlink_install': True, 'test_result_base': None}
[1.021s] Level 5:colcon.colcon_core.verb:set package 'gazebo_simulation' build argument 'cmake_args' from command line to 'None'
[1.021s] Level 5:colcon.colcon_core.verb:set package 'gazebo_simulation' build argument 'cmake_target' from command line to 'None'
[1.021s] Level 5:colcon.colcon_core.verb:set package 'gazebo_simulation' build argument 'cmake_target_skip_unavailable' from command line to 'False'
[1.021s] Level 5:colcon.colcon_core.verb:set package 'gazebo_simulation' build argument 'cmake_clean_cache' from command line to 'False'
[1.022s] Level 5:colcon.colcon_core.verb:set package 'gazebo_simulation' build argument 'cmake_clean_first' from command line to 'False'
[1.022s] Level 5:colcon.colcon_core.verb:set package 'gazebo_simulation' build argument 'cmake_force_configure' from command line to 'False'
[1.022s] Level 5:colcon.colcon_core.verb:set package 'gazebo_simulation' build argument 'ament_cmake_args' from command line to 'None'
[1.022s] Level 5:colcon.colcon_core.verb:set package 'gazebo_simulation' build argument 'catkin_cmake_args' from command line to 'None'
[1.022s] Level 5:colcon.colcon_core.verb:set package 'gazebo_simulation' build argument 'catkin_skip_building_tests' from command line to 'False'
[1.022s] DEBUG:colcon.colcon_core.verb:Building package 'gazebo_simulation' with the following arguments: {'ament_cmake_args': None, 'build_base': '/home/ems/Documents/PSD/build/gazebo_simulation', 'catkin_cmake_args': None, 'catkin_skip_building_tests': False, 'cmake_args': None, 'cmake_clean_cache': False, 'cmake_clean_first': False, 'cmake_force_configure': False, 'cmake_target': None, 'cmake_target_skip_unavailable': False, 'install_base': '/home/ems/Documents/PSD/install/gazebo_simulation', 'merge_install': False, 'path': '/home/ems/Documents/PSD/ball_hitting_robot/src/gazebo_simulation', 'symlink_install': True, 'test_result_base': None}
[1.023s] Level 5:colcon.colcon_core.verb:set package 'perception' build argument 'cmake_args' from command line to 'None'
[1.023s] Level 5:colcon.colcon_core.verb:set package 'perception' build argument 'cmake_target' from command line to 'None'
[1.023s] Level 5:colcon.colcon_core.verb:set package 'perception' build argument 'cmake_target_skip_unavailable' from command line to 'False'
[1.023s] Level 5:colcon.colcon_core.verb:set package 'perception' build argument 'cmake_clean_cache' from command line to 'False'
[1.023s] Level 5:colcon.colcon_core.verb:set package 'perception' build argument 'cmake_clean_first' from command line to 'False'
[1.023s] Level 5:colcon.colcon_core.verb:set package 'perception' build argument 'cmake_force_configure' from command line to 'False'
[1.023s] Level 5:colcon.colcon_core.verb:set package 'perception' build argument 'ament_cmake_args' from command line to 'None'
[1.024s] Level 5:colcon.colcon_core.verb:set package 'perception' build argument 'catkin_cmake_args' from command line to 'None'
[1.024s] Level 5:colcon.colcon_core.verb:set package 'perception' build argument 'catkin_skip_building_tests' from command line to 'False'
[1.024s] DEBUG:colcon.colcon_core.verb:Building package 'perception' with the following arguments: {'ament_cmake_args': None, 'build_base': '/home/ems/Documents/PSD/build/perception', 'catkin_cmake_args': None, 'catkin_skip_building_tests': False, 'cmake_args': None, 'cmake_clean_cache': False, 'cmake_clean_first': False, 'cmake_force_configure': False, 'cmake_target': None, 'cmake_target_skip_unavailable': False, 'install_base': '/home/ems/Documents/PSD/install/perception', 'merge_install': False, 'path': '/home/ems/Documents/PSD/ball_hitting_robot/src/perception', 'symlink_install': True, 'test_result_base': None}
[1.024s] INFO:colcon.colcon_core.executor:Executing jobs using 'parallel' executor
[1.026s] DEBUG:colcon.colcon_parallel_executor.executor.parallel:run_until_complete
[1.027s] INFO:colcon.colcon_ros.task.ament_python.build:Building ROS package in '/home/ems/Documents/PSD/ball_hitting_robot/src/control' with build type 'ament_python'
[1.027s] Level 1:colcon.colcon_core.shell:create_environment_hook('control', 'ament_prefix_path')
[1.032s] INFO:colcon.colcon_core.plugin_system:Skipping extension 'colcon_core.shell.bat': Not used on non-Windows systems
[1.032s] INFO:colcon.colcon_core.shell:Creating environment hook '/home/ems/Documents/PSD/install/control/share/control/hook/ament_prefix_path.ps1'
[1.038s] INFO:colcon.colcon_core.shell:Creating environment descriptor '/home/ems/Documents/PSD/install/control/share/control/hook/ament_prefix_path.dsv'
[1.039s] INFO:colcon.colcon_core.shell:Creating environment hook '/home/ems/Documents/PSD/install/control/share/control/hook/ament_prefix_path.sh'
[1.042s] INFO:colcon.colcon_core.shell:Skip shell extension 'powershell' for command environment: Not usable outside of PowerShell
[1.042s] DEBUG:colcon.colcon_core.shell:Skip shell extension 'dsv' for command environment
[1.055s] INFO:colcon.colcon_ros.task.ament_cmake.build:Building ROS package in '/home/ems/Documents/PSD/ball_hitting_robot/src/gazebo_simulation' with build type 'ament_cmake'
[1.056s] INFO:colcon.colcon_cmake.task.cmake.build:Building CMake package in '/home/ems/Documents/PSD/ball_hitting_robot/src/gazebo_simulation'
[1.056s] INFO:colcon.colcon_core.shell:Skip shell extension 'powershell' for command environment: Not usable outside of PowerShell
[1.057s] DEBUG:colcon.colcon_core.shell:Skip shell extension 'dsv' for command environment
[1.074s] INFO:colcon.colcon_ros.task.ament_python.build:Building ROS package in '/home/ems/Documents/PSD/ball_hitting_robot/src/perception' with build type 'ament_python'
[1.075s] Level 1:colcon.colcon_core.shell:create_environment_hook('perception', 'ament_prefix_path')
[1.076s] INFO:colcon.colcon_core.shell:Creating environment hook '/home/ems/Documents/PSD/install/perception/share/perception/hook/ament_prefix_path.ps1'
[1.078s] INFO:colcon.colcon_core.shell:Creating environment descriptor '/home/ems/Documents/PSD/install/perception/share/perception/hook/ament_prefix_path.dsv'
[1.079s] INFO:colcon.colcon_core.shell:Creating environment hook '/home/ems/Documents/PSD/install/perception/share/perception/hook/ament_prefix_path.sh'
[1.081s] INFO:colcon.colcon_core.shell:Skip shell extension 'powershell' for command environment: Not usable outside of PowerShell
[1.081s] DEBUG:colcon.colcon_core.shell:Skip shell extension 'dsv' for command environment
[1.831s] INFO:colcon.colcon_core.task.python.build:Building Python package in '/home/ems/Documents/PSD/ball_hitting_robot/src/control'
[1.832s] INFO:colcon.colcon_core.shell:Skip shell extension 'powershell' for command environment: Not usable outside of PowerShell
[1.833s] DEBUG:colcon.colcon_core.shell:Skip shell extension 'dsv' for command environment
[1.854s] DEBUG:colcon.colcon_core.event_handler.log_command:Invoking command in '/home/ems/Documents/PSD/build/gazebo_simulation': CMAKE_PREFIX_PATH=${CMAKE_PREFIX_PATH}:/home/ems/ProiectPSD/install:/home/ems/ros2_ws/install/turtlebot3_teleop:/home/ems/ros2_ws/install/turtlebot3_example:/home/ems/ros2_ws/install/circle_drive:/opt/ros/humble /usr/bin/cmake --build /home/ems/Documents/PSD/build/gazebo_simulation -- -j8 -l8
[2.593s] INFO:colcon.colcon_core.task.python.build:Building Python package in '/home/ems/Documents/PSD/ball_hitting_robot/src/perception'
[2.594s] INFO:colcon.colcon_core.shell:Skip shell extension 'powershell' for command environment: Not usable outside of PowerShell
[2.594s] DEBUG:colcon.colcon_core.shell:Skip shell extension 'dsv' for command environment
[2.616s] DEBUG:colcon.colcon_core.event_handler.log_command:Invoked command in '/home/ems/Documents/PSD/build/gazebo_simulation' returned '0': CMAKE_PREFIX_PATH=${CMAKE_PREFIX_PATH}:/home/ems/ProiectPSD/install:/home/ems/ros2_ws/install/turtlebot3_teleop:/home/ems/ros2_ws/install/turtlebot3_example:/home/ems/ros2_ws/install/circle_drive:/opt/ros/humble /usr/bin/cmake --build /home/ems/Documents/PSD/build/gazebo_simulation -- -j8 -l8
[2.640s] DEBUG:colcon.colcon_core.event_handler.log_command:Invoking command in '/home/ems/Documents/PSD/build/gazebo_simulation': CMAKE_PREFIX_PATH=${CMAKE_PREFIX_PATH}:/home/ems/ProiectPSD/install:/home/ems/ros2_ws/install/turtlebot3_teleop:/home/ems/ros2_ws/install/turtlebot3_example:/home/ems/ros2_ws/install/circle_drive:/opt/ros/humble /usr/bin/cmake --install /home/ems/Documents/PSD/build/gazebo_simulation
[2.759s] Level 1:colcon.colcon_core.environment:create_environment_scripts_only(gazebo_simulation)
[2.763s] DEBUG:colcon.colcon_core.event_handler.log_command:Invoked command in '/home/ems/Documents/PSD/build/gazebo_simulation' returned '0': CMAKE_PREFIX_PATH=${CMAKE_PREFIX_PATH}:/home/ems/ProiectPSD/install:/home/ems/ros2_ws/install/turtlebot3_teleop:/home/ems/ros2_ws/install/turtlebot3_example:/home/ems/ros2_ws/install/circle_drive:/opt/ros/humble /usr/bin/cmake --install /home/ems/Documents/PSD/build/gazebo_simulation
[2.773s] Level 1:colcon.colcon_core.environment:checking '/home/ems/Documents/PSD/install/gazebo_simulation' for CMake module files
[2.776s] Level 1:colcon.colcon_core.environment:checking '/home/ems/Documents/PSD/install/gazebo_simulation' for CMake config files
[2.777s] Level 1:colcon.colcon_core.shell:create_environment_hook('gazebo_simulation', 'cmake_prefix_path')
[2.778s] INFO:colcon.colcon_core.shell:Creating environment hook '/home/ems/Documents/PSD/install/gazebo_simulation/share/gazebo_simulation/hook/cmake_prefix_path.ps1'
[2.780s] INFO:colcon.colcon_core.shell:Creating environment descriptor '/home/ems/Documents/PSD/install/gazebo_simulation/share/gazebo_simulation/hook/cmake_prefix_path.dsv'
[2.783s] INFO:colcon.colcon_core.shell:Creating environment hook '/home/ems/Documents/PSD/install/gazebo_simulation/share/gazebo_simulation/hook/cmake_prefix_path.sh'
[2.787s] Level 1:colcon.colcon_core.environment:checking '/home/ems/Documents/PSD/install/gazebo_simulation/bin'
[2.788s] Level 1:colcon.colcon_core.environment:checking '/home/ems/Documents/PSD/install/gazebo_simulation/lib/pkgconfig/gazebo_simulation.pc'
[2.789s] Level 1:colcon.colcon_core.environment:checking '/home/ems/Documents/PSD/install/gazebo_simulation/lib/python3.10/site-packages'
[2.791s] Level 1:colcon.colcon_core.environment:checking '/home/ems/Documents/PSD/install/gazebo_simulation/bin'
[2.792s] INFO:colcon.colcon_core.shell:Creating package script '/home/ems/Documents/PSD/install/gazebo_simulation/share/gazebo_simulation/package.ps1'
[2.796s] INFO:colcon.colcon_core.shell:Creating package descriptor '/home/ems/Documents/PSD/install/gazebo_simulation/share/gazebo_simulation/package.dsv'
[2.798s] INFO:colcon.colcon_core.shell:Creating package script '/home/ems/Documents/PSD/install/gazebo_simulation/share/gazebo_simulation/package.sh'
[2.801s] INFO:colcon.colcon_core.shell:Creating package script '/home/ems/Documents/PSD/install/gazebo_simulation/share/gazebo_simulation/package.bash'
[2.804s] INFO:colcon.colcon_core.shell:Creating package script '/home/ems/Documents/PSD/install/gazebo_simulation/share/gazebo_simulation/package.zsh'
[2.808s] Level 1:colcon.colcon_core.environment:create_file_with_runtime_dependencies(/home/ems/Documents/PSD/install/gazebo_simulation/share/colcon-core/packages/gazebo_simulation)
[2.810s] Level 1:colcon.colcon_core.environment:create_environment_scripts_only(gazebo_simulation)
[2.811s] Level 1:colcon.colcon_core.environment:checking '/home/ems/Documents/PSD/install/gazebo_simulation' for CMake module files
[2.812s] Level 1:colcon.colcon_core.environment:checking '/home/ems/Documents/PSD/install/gazebo_simulation' for CMake config files
[2.813s] Level 1:colcon.colcon_core.shell:create_environment_hook('gazebo_simulation', 'cmake_prefix_path')
[2.813s] INFO:colcon.colcon_core.shell:Creating environment hook '/home/ems/Documents/PSD/install/gazebo_simulation/share/gazebo_simulation/hook/cmake_prefix_path.ps1'
[2.814s] INFO:colcon.colcon_core.shell:Creating environment descriptor '/home/ems/Documents/PSD/install/gazebo_simulation/share/gazebo_simulation/hook/cmake_prefix_path.dsv'
[2.816s] INFO:colcon.colcon_core.shell:Creating environment hook '/home/ems/Documents/PSD/install/gazebo_simulation/share/gazebo_simulation/hook/cmake_prefix_path.sh'
[2.817s] Level 1:colcon.colcon_core.environment:checking '/home/ems/Documents/PSD/install/gazebo_simulation/bin'
[2.818s] Level 1:colcon.colcon_core.environment:checking '/home/ems/Documents/PSD/install/gazebo_simulation/lib/pkgconfig/gazebo_simulation.pc'
[2.819s] Level 1:colcon.colcon_core.environment:checking '/home/ems/Documents/PSD/install/gazebo_simulation/lib/python3.10/site-packages'
[2.820s] Level 1:colcon.colcon_core.environment:checking '/home/ems/Documents/PSD/install/gazebo_simulation/bin'
[2.821s] INFO:colcon.colcon_core.shell:Creating package script '/home/ems/Documents/PSD/install/gazebo_simulation/share/gazebo_simulation/package.ps1'
[2.823s] INFO:colcon.colcon_core.shell:Creating package descriptor '/home/ems/Documents/PSD/install/gazebo_simulation/share/gazebo_simulation/package.dsv'
[2.824s] INFO:colcon.colcon_core.shell:Creating package script '/home/ems/Documents/PSD/install/gazebo_simulation/share/gazebo_simulation/package.sh'
[2.825s] INFO:colcon.colcon_core.shell:Creating package script '/home/ems/Documents/PSD/install/gazebo_simulation/share/gazebo_simulation/package.bash'
[2.827s] INFO:colcon.colcon_core.shell:Creating package script '/home/ems/Documents/PSD/install/gazebo_simulation/share/gazebo_simulation/package.zsh'
[2.828s] Level 1:colcon.colcon_core.environment:create_file_with_runtime_dependencies(/home/ems/Documents/PSD/install/gazebo_simulation/share/colcon-core/packages/gazebo_simulation)
[3.649s] DEBUG:colcon.colcon_core.event_handler.log_command:Invoking command in '/home/ems/Documents/PSD/build/control': PYTHONPATH=/home/ems/Documents/PSD/build/control/prefix_override:/usr/lib/python3/dist-packages/colcon_core/task/python/colcon_distutils_commands:/home/ems/Documents/PSD/install/control/lib/python3.10/site-packages:${PYTHONPATH} /usr/bin/python3 -W ignore:setup.py install is deprecated -W ignore:easy_install command is deprecated setup.py develop --editable --build-directory /home/ems/Documents/PSD/build/control/build --no-deps symlink_data
[3.724s] DEBUG:colcon.colcon_core.event_handler.log_command:Invoking command in '/home/ems/Documents/PSD/build/perception': PYTHONPATH=/home/ems/Documents/PSD/build/perception/prefix_override:/usr/lib/python3/dist-packages/colcon_core/task/python/colcon_distutils_commands:/home/ems/Documents/PSD/install/perception/lib/python3.10/site-packages:${PYTHONPATH} /usr/bin/python3 -W ignore:setup.py install is deprecated -W ignore:easy_install command is deprecated setup.py develop --editable --build-directory /home/ems/Documents/PSD/build/perception/build --no-deps symlink_data
[4.958s] Level 1:colcon.colcon_core.shell:create_environment_hook('control', 'pythonpath_develop')
[4.960s] INFO:colcon.colcon_core.shell:Creating environment hook '/home/ems/Documents/PSD/build/control/share/control/hook/pythonpath_develop.ps1'
[4.962s] INFO:colcon.colcon_core.shell:Creating environment descriptor '/home/ems/Documents/PSD/build/control/share/control/hook/pythonpath_develop.dsv'
[4.964s] INFO:colcon.colcon_core.shell:Creating environment hook '/home/ems/Documents/PSD/build/control/share/control/hook/pythonpath_develop.sh'
[4.966s] Level 1:colcon.colcon_core.environment:checking '/home/ems/Documents/PSD/install/control' for CMake module files
[4.968s] DEBUG:colcon.colcon_core.event_handler.log_command:Invoked command in '/home/ems/Documents/PSD/build/control' returned '0': PYTHONPATH=/home/ems/Documents/PSD/build/control/prefix_override:/usr/lib/python3/dist-packages/colcon_core/task/python/colcon_distutils_commands:/home/ems/Documents/PSD/install/control/lib/python3.10/site-packages:${PYTHONPATH} /usr/bin/python3 -W ignore:setup.py install is deprecated -W ignore:easy_install command is deprecated setup.py develop --editable --build-directory /home/ems/Documents/PSD/build/control/build --no-deps symlink_data
[4.971s] Level 1:colcon.colcon_core.environment:checking '/home/ems/Documents/PSD/install/control' for CMake config files
[4.972s] Level 1:colcon.colcon_core.environment:checking '/home/ems/Documents/PSD/install/control/lib'
[4.973s] Level 1:colcon.colcon_core.environment:checking '/home/ems/Documents/PSD/install/control/bin'
[4.973s] Level 1:colcon.colcon_core.environment:checking '/home/ems/Documents/PSD/install/control/lib/pkgconfig/control.pc'
[4.973s] Level 1:colcon.colcon_core.environment:checking '/home/ems/Documents/PSD/install/control/lib/python3.10/site-packages'
[4.974s] Level 1:colcon.colcon_core.shell:create_environment_hook('control', 'pythonpath')
[4.974s] INFO:colcon.colcon_core.shell:Creating environment hook '/home/ems/Documents/PSD/install/control/share/control/hook/pythonpath.ps1'
[4.976s] INFO:colcon.colcon_core.shell:Creating environment descriptor '/home/ems/Documents/PSD/install/control/share/control/hook/pythonpath.dsv'
[4.977s] INFO:colcon.colcon_core.shell:Creating environment hook '/home/ems/Documents/PSD/install/control/share/control/hook/pythonpath.sh'
[4.979s] Level 1:colcon.colcon_core.environment:checking '/home/ems/Documents/PSD/install/control/bin'
[4.979s] Level 1:colcon.colcon_core.environment:create_environment_scripts_only(control)
[4.981s] INFO:colcon.colcon_core.shell:Creating package script '/home/ems/Documents/PSD/install/control/share/control/package.ps1'
[4.983s] INFO:colcon.colcon_core.shell:Creating package descriptor '/home/ems/Documents/PSD/install/control/share/control/package.dsv'
[4.987s] INFO:colcon.colcon_core.shell:Creating package script '/home/ems/Documents/PSD/install/control/share/control/package.sh'
[4.993s] INFO:colcon.colcon_core.shell:Creating package script '/home/ems/Documents/PSD/install/control/share/control/package.bash'
[4.995s] INFO:colcon.colcon_core.shell:Creating package script '/home/ems/Documents/PSD/install/control/share/control/package.zsh'
[4.997s] Level 1:colcon.colcon_core.environment:create_file_with_runtime_dependencies(/home/ems/Documents/PSD/install/control/share/colcon-core/packages/control)
[5.036s] Level 1:colcon.colcon_core.shell:create_environment_hook('perception', 'pythonpath_develop')
[5.038s] INFO:colcon.colcon_core.shell:Creating environment hook '/home/ems/Documents/PSD/build/perception/share/perception/hook/pythonpath_develop.ps1'
[5.039s] DEBUG:colcon.colcon_core.event_handler.log_command:Invoked command in '/home/ems/Documents/PSD/build/perception' returned '0': PYTHONPATH=/home/ems/Documents/PSD/build/perception/prefix_override:/usr/lib/python3/dist-packages/colcon_core/task/python/colcon_distutils_commands:/home/ems/Documents/PSD/install/perception/lib/python3.10/site-packages:${PYTHONPATH} /usr/bin/python3 -W ignore:setup.py install is deprecated -W ignore:easy_install command is deprecated setup.py develop --editable --build-directory /home/ems/Documents/PSD/build/perception/build --no-deps symlink_data
[5.041s] INFO:colcon.colcon_core.shell:Creating environment descriptor '/home/ems/Documents/PSD/build/perception/share/perception/hook/pythonpath_develop.dsv'
[5.042s] INFO:colcon.colcon_core.shell:Creating environment hook '/home/ems/Documents/PSD/build/perception/share/perception/hook/pythonpath_develop.sh'
[5.044s] Level 1:colcon.colcon_core.environment:checking '/home/ems/Documents/PSD/install/perception' for CMake module files
[5.045s] Level 1:colcon.colcon_core.environment:checking '/home/ems/Documents/PSD/install/perception' for CMake config files
[5.046s] Level 1:colcon.colcon_core.environment:checking '/home/ems/Documents/PSD/install/perception/lib'
[5.046s] Level 1:colcon.colcon_core.environment:checking '/home/ems/Documents/PSD/install/perception/bin'
[5.046s] Level 1:colcon.colcon_core.environment:checking '/home/ems/Documents/PSD/install/perception/lib/pkgconfig/perception.pc'
[5.047s] Level 1:colcon.colcon_core.environment:checking '/home/ems/Documents/PSD/install/perception/lib/python3.10/site-packages'
[5.047s] Level 1:colcon.colcon_core.shell:create_environment_hook('perception', 'pythonpath')
[5.048s] INFO:colcon.colcon_core.shell:Creating environment hook '/home/ems/Documents/PSD/install/perception/share/perception/hook/pythonpath.ps1'
[5.048s] INFO:colcon.colcon_core.shell:Creating environment descriptor '/home/ems/Documents/PSD/install/perception/share/perception/hook/pythonpath.dsv'
[5.049s] INFO:colcon.colcon_core.shell:Creating environment hook '/home/ems/Documents/PSD/install/perception/share/perception/hook/pythonpath.sh'
[5.051s] Level 1:colcon.colcon_core.environment:checking '/home/ems/Documents/PSD/install/perception/bin'
[5.051s] Level 1:colcon.colcon_core.environment:create_environment_scripts_only(perception)
[5.052s] INFO:colcon.colcon_core.shell:Creating package script '/home/ems/Documents/PSD/install/perception/share/perception/package.ps1'
[5.054s] INFO:colcon.colcon_core.shell:Creating package descriptor '/home/ems/Documents/PSD/install/perception/share/perception/package.dsv'
[5.055s] INFO:colcon.colcon_core.shell:Creating package script '/home/ems/Documents/PSD/install/perception/share/perception/package.sh'
[5.056s] INFO:colcon.colcon_core.shell:Creating package script '/home/ems/Documents/PSD/install/perception/share/perception/package.bash'
[5.057s] INFO:colcon.colcon_core.shell:Creating package script '/home/ems/Documents/PSD/install/perception/share/perception/package.zsh'
[5.058s] Level 1:colcon.colcon_core.environment:create_file_with_runtime_dependencies(/home/ems/Documents/PSD/install/perception/share/colcon-core/packages/perception)
[5.059s] DEBUG:colcon.colcon_parallel_executor.executor.parallel:closing loop
[5.059s] DEBUG:colcon.colcon_parallel_executor.executor.parallel:loop closed
[5.059s] DEBUG:colcon.colcon_parallel_executor.executor.parallel:run_until_complete finished with '0'
[5.059s] DEBUG:colcon.colcon_core.event_reactor:joining thread
[5.073s] INFO:colcon.colcon_core.plugin_system:Skipping extension 'colcon_notification.desktop_notification.terminal_notifier': Not used on non-Darwin systems
[5.074s] INFO:colcon.colcon_core.plugin_system:Skipping extension 'colcon_notification.desktop_notification.win32': Not used on non-Windows systems
[5.074s] INFO:colcon.colcon_notification.desktop_notification:Sending desktop notification using 'notify2'
[5.103s] DEBUG:colcon.colcon_core.event_reactor:joined thread
[5.104s] INFO:colcon.colcon_core.shell:Creating prefix script '/home/ems/Documents/PSD/install/local_setup.ps1'
[5.107s] INFO:colcon.colcon_core.shell:Creating prefix util module '/home/ems/Documents/PSD/install/_local_setup_util_ps1.py'
[5.111s] INFO:colcon.colcon_core.shell:Creating prefix chain script '/home/ems/Documents/PSD/install/setup.ps1'
[5.117s] INFO:colcon.colcon_core.shell:Creating prefix script '/home/ems/Documents/PSD/install/local_setup.sh'
[5.119s] INFO:colcon.colcon_core.shell:Creating prefix util module '/home/ems/Documents/PSD/install/_local_setup_util_sh.py'
[5.121s] INFO:colcon.colcon_core.shell:Creating prefix chain script '/home/ems/Documents/PSD/install/setup.sh'
[5.127s] INFO:colcon.colcon_core.shell:Creating prefix script '/home/ems/Documents/PSD/install/local_setup.bash'
[5.128s] INFO:colcon.colcon_core.shell:Creating prefix chain script '/home/ems/Documents/PSD/install/setup.bash'
[5.134s] INFO:colcon.colcon_core.shell:Creating prefix script '/home/ems/Documents/PSD/install/local_setup.zsh'
[5.135s] INFO:colcon.colcon_core.shell:Creating prefix chain script '/home/ems/Documents/PSD/install/setup.zsh'
