[0.025s] Invoking command in '/home/ems/Documents/PSD/build/gazebo_simulation': CMAKE_PREFIX_PATH=${CMAKE_PREFIX_PATH}:/home/ems/ProiectPSD/install:/home/ems/ros2_ws/install/turtlebot3_teleop:/home/ems/ros2_ws/install/turtlebot3_example:/home/ems/ros2_ws/install/circle_drive:/opt/ros/humble /usr/bin/cmake --build /home/ems/Documents/PSD/build/gazebo_simulation -- -j8 -l8
[0.099s] Invoked command in '/home/ems/Documents/PSD/build/gazebo_simulation' returned '0': CMAKE_PREFIX_PATH=${CMAKE_PREFIX_PATH}:/home/ems/ProiectPSD/install:/home/ems/ros2_ws/install/turtlebot3_teleop:/home/ems/ros2_ws/install/turtlebot3_example:/home/ems/ros2_ws/install/circle_drive:/opt/ros/humble /usr/bin/cmake --build /home/ems/Documents/PSD/build/gazebo_simulation -- -j8 -l8
[0.120s] Invoking command in '/home/ems/Documents/PSD/build/gazebo_simulation': CMAKE_PREFIX_PATH=${CMAKE_PREFIX_PATH}:/home/ems/ProiectPSD/install:/home/ems/ros2_ws/install/turtlebot3_teleop:/home/ems/ros2_ws/install/turtlebot3_example:/home/ems/ros2_ws/install/circle_drive:/opt/ros/humble /usr/bin/cmake --install /home/ems/Documents/PSD/build/gazebo_simulation
[0.133s] -- Install configuration: ""
[0.134s] -- Execute custom install script
[0.135s] -- Symlinking: /home/ems/Documents/PSD/install/gazebo_simulation/share/gazebo_simulation//launch/__pycache__/full_system.launch.cpython-310.pyc
[0.153s] -- Up-to-date symlink: /home/ems/Documents/PSD/install/gazebo_simulation/share/gazebo_simulation//launch/__pycache__/full_system_clean.launch.cpython-310.pyc
[0.153s] -- Up-to-date symlink: /home/ems/Documents/PSD/install/gazebo_simulation/share/gazebo_simulation//launch/full_system.launch.py
[0.154s] -- Up-to-date symlink: /home/ems/Documents/PSD/install/gazebo_simulation/share/gazebo_simulation//launch/full_system_clean.launch.py
[0.154s] -- Up-to-date symlink: /home/ems/Documents/PSD/install/gazebo_simulation/share/gazebo_simulation//launch/sim_robot.launch.py
[0.154s] -- Up-to-date symlink: /home/ems/Documents/PSD/install/gazebo_simulation/share/gazebo_simulation//models/ball_hitting_robot/model.config
[0.155s] -- Up-to-date symlink: /home/ems/Documents/PSD/install/gazebo_simulation/share/gazebo_simulation//models/ball_hitting_robot/model.sdf
[0.155s] -- Up-to-date symlink: /home/ems/Documents/PSD/install/gazebo_simulation/share/gazebo_simulation//models/robot_gz/model.sdf
[0.156s] -- Up-to-date symlink: /home/ems/Documents/PSD/install/gazebo_simulation/share/gazebo_simulation//worlds/ball_world.sdf
[0.156s] -- Up-to-date symlink: /home/ems/Documents/PSD/install/gazebo_simulation/share/gazebo_simulation//urdf/robot.urdf
[0.157s] -- Up-to-date symlink: /home/ems/Documents/PSD/install/gazebo_simulation/share/ament_index/resource_index/package_run_dependencies/gazebo_simulation
[0.157s] -- Up-to-date symlink: /home/ems/Documents/PSD/install/gazebo_simulation/share/ament_index/resource_index/parent_prefix_path/gazebo_simulation
[0.158s] -- Up-to-date symlink: /home/ems/Documents/PSD/install/gazebo_simulation/share/gazebo_simulation/environment/ament_prefix_path.sh
[0.158s] -- Up-to-date symlink: /home/ems/Documents/PSD/install/gazebo_simulation/share/gazebo_simulation/environment/ament_prefix_path.dsv
[0.159s] -- Up-to-date symlink: /home/ems/Documents/PSD/install/gazebo_simulation/share/gazebo_simulation/environment/path.sh
[0.159s] -- Up-to-date symlink: /home/ems/Documents/PSD/install/gazebo_simulation/share/gazebo_simulation/environment/path.dsv
[0.160s] -- Up-to-date symlink: /home/ems/Documents/PSD/install/gazebo_simulation/share/gazebo_simulation/local_setup.bash
[0.160s] -- Up-to-date symlink: /home/ems/Documents/PSD/install/gazebo_simulation/share/gazebo_simulation/local_setup.sh
[0.161s] -- Up-to-date symlink: /home/ems/Documents/PSD/install/gazebo_simulation/share/gazebo_simulation/local_setup.zsh
[0.161s] -- Up-to-date symlink: /home/ems/Documents/PSD/install/gazebo_simulation/share/gazebo_simulation/local_setup.dsv
[0.161s] -- Symlinking: /home/ems/Documents/PSD/install/gazebo_simulation/share/gazebo_simulation/package.dsv
[0.179s] -- Up-to-date symlink: /home/ems/Documents/PSD/install/gazebo_simulation/share/ament_index/resource_index/packages/gazebo_simulation
[0.179s] -- Up-to-date symlink: /home/ems/Documents/PSD/install/gazebo_simulation/share/gazebo_simulation/cmake/gazebo_simulationConfig.cmake
[0.180s] -- Up-to-date symlink: /home/ems/Documents/PSD/install/gazebo_simulation/share/gazebo_simulation/cmake/gazebo_simulationConfig-version.cmake
[0.180s] -- Up-to-date symlink: /home/ems/Documents/PSD/install/gazebo_simulation/share/gazebo_simulation/package.xml
[0.184s] Invoked command in '/home/ems/Documents/PSD/build/gazebo_simulation' returned '0': CMAKE_PREFIX_PATH=${CMAKE_PREFIX_PATH}:/home/ems/ProiectPSD/install:/home/ems/ros2_ws/install/turtlebot3_teleop:/home/ems/ros2_ws/install/turtlebot3_example:/home/ems/ros2_ws/install/circle_drive:/opt/ros/humble /usr/bin/cmake --install /home/ems/Documents/PSD/build/gazebo_simulation
