[1.254s] Invoking command in '/home/ems/Documents/PSD/build/gazebo_simulation': CMAKE_PREFIX_PATH=${CMAKE_PREFIX_PATH}:/home/ems/ProiectPSD/install:/home/ems/ros2_ws/install/turtlebot3_teleop:/home/ems/ros2_ws/install/turtlebot3_example:/home/ems/ros2_ws/install/circle_drive:/opt/ros/humble /usr/bin/cmake /home/ems/Documents/PSD/ball_hitting_robot/src/gazebo_simulation -DAMENT_CMAKE_SYMLINK_INSTALL=1 -DCMAKE_INSTALL_PREFIX=/home/ems/Documents/PSD/install/gazebo_simulation
[1.486s] -- The C compiler identification is GNU 11.4.0
[1.718s] -- The CXX compiler identification is GNU 11.4.0
[1.737s] -- Detecting C compiler ABI info
[1.903s] -- Detecting C compiler ABI info - done
[1.920s] -- Check for working C compiler: /usr/bin/cc - skipped
[1.920s] -- Detecting C compile features
[1.922s] -- Detecting C compile features - done
[1.933s] -- Detecting CXX compiler ABI info
[2.168s] -- Detecting CXX compiler ABI info - done
[2.186s] -- Check for working CXX compiler: /usr/bin/c++ - skipped
[2.187s] -- Detecting CXX compile features
[2.188s] -- Detecting CXX compile features - done
[2.244s] -- Found ament_cmake: 1.3.12 (/opt/ros/humble/share/ament_cmake/cmake)
[2.645s] -- Found Python3: /usr/bin/python3 (found version "3.10.12") found components: Interpreter 
[2.805s] -- Override CMake install command with custom implementation using symlinks instead of copying resources
[2.943s] -- Found ament_lint_auto: 0.12.14 (/opt/ros/humble/share/ament_lint_auto/cmake)
[3.100s] -- Configuring done
[3.106s] -- Generating done
[3.113s] -- Build files have been written to: /home/ems/Documents/PSD/build/gazebo_simulation
[3.116s] Invoked command in '/home/ems/Documents/PSD/build/gazebo_simulation' returned '0': CMAKE_PREFIX_PATH=${CMAKE_PREFIX_PATH}:/home/ems/ProiectPSD/install:/home/ems/ros2_ws/install/turtlebot3_teleop:/home/ems/ros2_ws/install/turtlebot3_example:/home/ems/ros2_ws/install/circle_drive:/opt/ros/humble /usr/bin/cmake /home/ems/Documents/PSD/ball_hitting_robot/src/gazebo_simulation -DAMENT_CMAKE_SYMLINK_INSTALL=1 -DCMAKE_INSTALL_PREFIX=/home/ems/Documents/PSD/install/gazebo_simulation
[3.121s] Invoking command in '/home/ems/Documents/PSD/build/gazebo_simulation': CMAKE_PREFIX_PATH=${CMAKE_PREFIX_PATH}:/home/ems/ProiectPSD/install:/home/ems/ros2_ws/install/turtlebot3_teleop:/home/ems/ros2_ws/install/turtlebot3_example:/home/ems/ros2_ws/install/circle_drive:/opt/ros/humble /usr/bin/cmake --build /home/ems/Documents/PSD/build/gazebo_simulation -- -j8 -l8
[3.186s] Invoked command in '/home/ems/Documents/PSD/build/gazebo_simulation' returned '0': CMAKE_PREFIX_PATH=${CMAKE_PREFIX_PATH}:/home/ems/ProiectPSD/install:/home/ems/ros2_ws/install/turtlebot3_teleop:/home/ems/ros2_ws/install/turtlebot3_example:/home/ems/ros2_ws/install/circle_drive:/opt/ros/humble /usr/bin/cmake --build /home/ems/Documents/PSD/build/gazebo_simulation -- -j8 -l8
[3.215s] Invoking command in '/home/ems/Documents/PSD/build/gazebo_simulation': CMAKE_PREFIX_PATH=${CMAKE_PREFIX_PATH}:/home/ems/ProiectPSD/install:/home/ems/ros2_ws/install/turtlebot3_teleop:/home/ems/ros2_ws/install/turtlebot3_example:/home/ems/ros2_ws/install/circle_drive:/opt/ros/humble /usr/bin/cmake --install /home/ems/Documents/PSD/build/gazebo_simulation
[3.232s] -- Install configuration: ""
[3.233s] -- Execute custom install script
[3.234s] -- Symlinking: /home/ems/Documents/PSD/install/gazebo_simulation/share/gazebo_simulation//launch/__pycache__/full_system.launch.cpython-310.pyc
[3.268s] -- Symlinking: /home/ems/Documents/PSD/install/gazebo_simulation/share/gazebo_simulation//launch/__pycache__/full_system_clean.launch.cpython-310.pyc
[3.295s] -- Symlinking: /home/ems/Documents/PSD/install/gazebo_simulation/share/gazebo_simulation//launch/full_system.launch.py
[3.327s] -- Symlinking: /home/ems/Documents/PSD/install/gazebo_simulation/share/gazebo_simulation//launch/full_system_clean.launch.py
[3.352s] -- Symlinking: /home/ems/Documents/PSD/install/gazebo_simulation/share/gazebo_simulation//launch/sim_robot.launch.py
[3.373s] -- Symlinking: /home/ems/Documents/PSD/install/gazebo_simulation/share/gazebo_simulation//models/ball_hitting_robot/model.config
[3.397s] -- Symlinking: /home/ems/Documents/PSD/install/gazebo_simulation/share/gazebo_simulation//models/ball_hitting_robot/model.sdf
[3.419s] -- Symlinking: /home/ems/Documents/PSD/install/gazebo_simulation/share/gazebo_simulation//models/robot_gz/model.sdf
[3.439s] -- Symlinking: /home/ems/Documents/PSD/install/gazebo_simulation/share/gazebo_simulation//worlds/ball_world.sdf
[3.455s] -- Symlinking: /home/ems/Documents/PSD/install/gazebo_simulation/share/gazebo_simulation//urdf/robot.urdf
[3.473s] -- Symlinking: /home/ems/Documents/PSD/install/gazebo_simulation/share/ament_index/resource_index/package_run_dependencies/gazebo_simulation
[3.496s] -- Symlinking: /home/ems/Documents/PSD/install/gazebo_simulation/share/ament_index/resource_index/parent_prefix_path/gazebo_simulation
[3.516s] -- Symlinking: /home/ems/Documents/PSD/install/gazebo_simulation/share/gazebo_simulation/environment/ament_prefix_path.sh
[3.540s] -- Symlinking: /home/ems/Documents/PSD/install/gazebo_simulation/share/gazebo_simulation/environment/ament_prefix_path.dsv
[3.559s] -- Symlinking: /home/ems/Documents/PSD/install/gazebo_simulation/share/gazebo_simulation/environment/path.sh
[3.579s] -- Symlinking: /home/ems/Documents/PSD/install/gazebo_simulation/share/gazebo_simulation/environment/path.dsv
[3.596s] -- Symlinking: /home/ems/Documents/PSD/install/gazebo_simulation/share/gazebo_simulation/local_setup.bash
[3.620s] -- Symlinking: /home/ems/Documents/PSD/install/gazebo_simulation/share/gazebo_simulation/local_setup.sh
[3.644s] -- Symlinking: /home/ems/Documents/PSD/install/gazebo_simulation/share/gazebo_simulation/local_setup.zsh
[3.669s] -- Symlinking: /home/ems/Documents/PSD/install/gazebo_simulation/share/gazebo_simulation/local_setup.dsv
[3.699s] -- Symlinking: /home/ems/Documents/PSD/install/gazebo_simulation/share/gazebo_simulation/package.dsv
[3.734s] -- Symlinking: /home/ems/Documents/PSD/install/gazebo_simulation/share/ament_index/resource_index/packages/gazebo_simulation
[3.768s] -- Symlinking: /home/ems/Documents/PSD/install/gazebo_simulation/share/gazebo_simulation/cmake/gazebo_simulationConfig.cmake
[3.784s] -- Symlinking: /home/ems/Documents/PSD/install/gazebo_simulation/share/gazebo_simulation/cmake/gazebo_simulationConfig-version.cmake
[3.806s] -- Symlinking: /home/ems/Documents/PSD/install/gazebo_simulation/share/gazebo_simulation/package.xml
[3.843s] Invoked command in '/home/ems/Documents/PSD/build/gazebo_simulation' returned '0': CMAKE_PREFIX_PATH=${CMAKE_PREFIX_PATH}:/home/ems/ProiectPSD/install:/home/ems/ros2_ws/install/turtlebot3_teleop:/home/ems/ros2_ws/install/turtlebot3_example:/home/ems/ros2_ws/install/circle_drive:/opt/ros/humble /usr/bin/cmake --install /home/ems/Documents/PSD/build/gazebo_simulation
